TpTrace Verbose: 0 : 9904, 1, 2024/05/03, 16:52:51.087, 11481412070799, vstest.console.dll, Version: 17.9.0-release-24072-02 Current process architecture: X64
TpTrace Verbose: 0 : 9904, 1, 2024/05/03, 16:52:51.091, 11481412105903, vstest.console.dll, Runtime location: C:\Program Files\dotnet\shared\Microsoft.NETCore.App\8.0.3
TpTrace Verbose: 0 : 9904, 1, 2024/05/03, 16:52:51.093, 11481412130209, vstest.console.dll, ArtifactProcessingPostProcessModeProcessorExecutor.Initialize: ArtifactProcessingMode.Collect
TpTrace Verbose: 0 : 9904, 1, 2024/05/03, 16:52:51.093, 11481412131812, vstest.console.dll, TestSessionCorrelationIdProcessorModeProcessorExecutor.Initialize: TestSessionCorrelationId '8544_ae3afb2a-0ca6-40a6-b26c-b5cc1ef303fd'
TpTrace Information: 0 : 9904, 1, 2024/05/03, 16:52:51.100, 11481412198015, vstest.console.dll, FilePatternParser: The given file D:\Api_gateway_architecture\User_for_ NUnit_Test\Nunit_test_for_user\bin\Debug\net8.0\fine-code-coverage\build-output\Nunit_test_for_user.dll is a full path.
TpTrace Verbose: 0 : 9904, 1, 2024/05/03, 16:52:51.104, 11481412243771, vstest.console.dll, TestPluginCache.DiscoverTestExtensions: finding test extensions in assemblies ends with: RuntimeProvider.dll TPluginInfo: Microsoft.VisualStudio.TestPlatform.Common.ExtensionFramework.Utilities.TestRuntimePluginInformation TExtension: Microsoft.VisualStudio.TestPlatform.ObjectModel.Host.ITestRuntimeProvider
TpTrace Verbose: 0 : 9904, 1, 2024/05/03, 16:52:51.105, 11481412247091, vstest.console.dll, TestPluginCache.GetExtensionPaths: Filtered extension paths: 
TpTrace Verbose: 0 : 9904, 1, 2024/05/03, 16:52:51.105, 11481412247971, vstest.console.dll, TestPluginCache.GetExtensionPaths: Added default extension paths: C:\Program Files\dotnet\sdk\8.0.202\Extensions\Microsoft.Diagnostics.NETCore.Client.dll
C:\Program Files\dotnet\sdk\8.0.202\Extensions\Microsoft.TestPlatform.Extensions.BlameDataCollector.dll
C:\Program Files\dotnet\sdk\8.0.202\Extensions\Microsoft.TestPlatform.Extensions.EventLogCollector.dll
C:\Program Files\dotnet\sdk\8.0.202\Extensions\Microsoft.TestPlatform.TestHostRuntimeProvider.dll
C:\Program Files\dotnet\sdk\8.0.202\Extensions\Microsoft.VisualStudio.TestPlatform.Extensions.Html.TestLogger.dll
C:\Program Files\dotnet\sdk\8.0.202\Extensions\Microsoft.VisualStudio.TestPlatform.Extensions.Trx.TestLogger.dll
TpTrace Verbose: 0 : 9904, 1, 2024/05/03, 16:52:51.105, 11481412248346, vstest.console.dll, TestPluginCache.GetExtensionPaths: Added unfilterableExtensionPaths: 
TpTrace Information: 0 : 9904, 1, 2024/05/03, 16:52:51.105, 11481412253467, vstest.console.dll, AssemblyResolver.ctor: Creating AssemblyResolver with searchDirectories C:\Program Files\dotnet\sdk\8.0.202\Extensions,C:\Program Files\dotnet\sdk\8.0.202
TpTrace Verbose: 0 : 9904, 1, 2024/05/03, 16:52:51.107, 11481412266168, vstest.console.dll, TestPluginCache.DiscoverTestExtensions: Discovering the extensions using extension path.
TpTrace Verbose: 0 : 9904, 1, 2024/05/03, 16:52:51.107, 11481412268250, vstest.console.dll, TestPluginCache.GetExtensionPaths: Filtered extension paths: 
TpTrace Verbose: 0 : 9904, 1, 2024/05/03, 16:52:51.107, 11481412268925, vstest.console.dll, TestPluginCache.GetExtensionPaths: Added default extension paths: C:\Program Files\dotnet\sdk\8.0.202\Extensions\Microsoft.Diagnostics.NETCore.Client.dll
C:\Program Files\dotnet\sdk\8.0.202\Extensions\Microsoft.TestPlatform.Extensions.BlameDataCollector.dll
C:\Program Files\dotnet\sdk\8.0.202\Extensions\Microsoft.TestPlatform.Extensions.EventLogCollector.dll
C:\Program Files\dotnet\sdk\8.0.202\Extensions\Microsoft.TestPlatform.TestHostRuntimeProvider.dll
C:\Program Files\dotnet\sdk\8.0.202\Extensions\Microsoft.VisualStudio.TestPlatform.Extensions.Html.TestLogger.dll
C:\Program Files\dotnet\sdk\8.0.202\Extensions\Microsoft.VisualStudio.TestPlatform.Extensions.Trx.TestLogger.dll
TpTrace Verbose: 0 : 9904, 1, 2024/05/03, 16:52:51.107, 11481412269273, vstest.console.dll, TestPluginCache.GetExtensionPaths: Added unfilterableExtensionPaths: 
TpTrace Verbose: 0 : 9904, 1, 2024/05/03, 16:52:51.107, 11481412269986, vstest.console.dll, TestPluginCache.DiscoverTestExtensions: Discovering the extensions using allExtensionPaths: C:\Program Files\dotnet\sdk\8.0.202\Extensions\Microsoft.Diagnostics.NETCore.Client.dll
C:\Program Files\dotnet\sdk\8.0.202\Extensions\Microsoft.TestPlatform.Extensions.BlameDataCollector.dll
C:\Program Files\dotnet\sdk\8.0.202\Extensions\Microsoft.TestPlatform.Extensions.EventLogCollector.dll
C:\Program Files\dotnet\sdk\8.0.202\Extensions\Microsoft.TestPlatform.TestHostRuntimeProvider.dll
C:\Program Files\dotnet\sdk\8.0.202\Extensions\Microsoft.VisualStudio.TestPlatform.Extensions.Html.TestLogger.dll
C:\Program Files\dotnet\sdk\8.0.202\Extensions\Microsoft.VisualStudio.TestPlatform.Extensions.Trx.TestLogger.dll
TpTrace Information: 0 : 9904, 1, 2024/05/03, 16:52:51.107, 11481412271576, vstest.console.dll, AssemblyResolver.AddSearchDirectories: Adding more searchDirectories C:\Program Files\dotnet\sdk\8.0.202\Extensions,C:\Program Files\dotnet\sdk\8.0.202
TpTrace Information: 0 : 9904, 1, 2024/05/03, 16:52:51.107, 11481412272184, vstest.console.dll, AssemblyResolver.AddSearchDirectories: Adding more searchDirectories C:\Program Files\dotnet\sdk\8.0.202\Extensions,C:\Program Files\dotnet\sdk\8.0.202
TpTrace Information: 0 : 9904, 1, 2024/05/03, 16:52:51.107, 11481412272590, vstest.console.dll, AssemblyResolver.AddSearchDirectories: Adding more searchDirectories C:\Program Files\dotnet\sdk\8.0.202\Extensions,C:\Program Files\dotnet\sdk\8.0.202
TpTrace Information: 0 : 9904, 1, 2024/05/03, 16:52:51.107, 11481412272900, vstest.console.dll, AssemblyResolver.AddSearchDirectories: Adding more searchDirectories C:\Program Files\dotnet\sdk\8.0.202\Extensions,C:\Program Files\dotnet\sdk\8.0.202
TpTrace Information: 0 : 9904, 1, 2024/05/03, 16:52:51.107, 11481412273192, vstest.console.dll, AssemblyResolver.AddSearchDirectories: Adding more searchDirectories C:\Program Files\dotnet\sdk\8.0.202\Extensions,C:\Program Files\dotnet\sdk\8.0.202
TpTrace Information: 0 : 9904, 1, 2024/05/03, 16:52:51.107, 11481412273536, vstest.console.dll, AssemblyResolver.AddSearchDirectories: Adding more searchDirectories C:\Program Files\dotnet\sdk\8.0.202\Extensions,C:\Program Files\dotnet\sdk\8.0.202
TpTrace Information: 0 : 9904, 1, 2024/05/03, 16:52:51.108, 11481412278476, vstest.console.dll, AssemblyResolver.OnResolve: Microsoft.Diagnostics.NETCore.Client: Resolving assembly.
TpTrace Information: 0 : 9904, 1, 2024/05/03, 16:52:51.108, 11481412279261, vstest.console.dll, AssemblyResolver.OnResolve: Microsoft.Diagnostics.NETCore.Client: Searching in: 'C:\Program Files\dotnet\sdk\8.0.202\Extensions'.
TpTrace Information: 0 : 9904, 1, 2024/05/03, 16:52:51.114, 11481412341863, vstest.console.dll, AssemblyResolver.OnResolve: Microsoft.Diagnostics.NETCore.Client: Loading assembly 'C:\Program Files\dotnet\sdk\8.0.202\Extensions\Microsoft.Diagnostics.NETCore.Client.dll'.
TpTrace Information: 0 : 9904, 1, 2024/05/03, 16:52:51.115, 11481412350877, vstest.console.dll, AssemblyResolver.OnResolve: Resolved assembly: Microsoft.Diagnostics.NETCore.Client, from path: C:\Program Files\dotnet\sdk\8.0.202\Extensions\Microsoft.Diagnostics.NETCore.Client.dll
TpTrace Verbose: 0 : 9904, 1, 2024/05/03, 16:52:51.120, 11481412397548, vstest.console.dll, MetadataReaderExtensionsHelper: Discovering extensions inside assembly 'Microsoft.Diagnostics.NETCore.Client, Version=0.2.9.2401, Culture=neutral, PublicKeyToken=31bf3856ad364e35' file path 'C:\Program Files\dotnet\sdk\8.0.202\Extensions\Microsoft.Diagnostics.NETCore.Client.dll'
TpTrace Information: 0 : 9904, 1, 2024/05/03, 16:52:51.124, 11481412435340, vstest.console.dll, AssemblyResolver.OnResolve: Microsoft.Bcl.AsyncInterfaces: Resolving assembly.
TpTrace Information: 0 : 9904, 1, 2024/05/03, 16:52:51.124, 11481412436467, vstest.console.dll, AssemblyResolver.OnResolve: Microsoft.Bcl.AsyncInterfaces: Searching in: 'C:\Program Files\dotnet\sdk\8.0.202\Extensions'.
TpTrace Information: 0 : 9904, 1, 2024/05/03, 16:52:51.124, 11481412437638, vstest.console.dll, AssemblyResolver.OnResolve: Microsoft.Bcl.AsyncInterfaces: Assembly path does not exist: 'C:\Program Files\dotnet\sdk\8.0.202\Extensions\Microsoft.Bcl.AsyncInterfaces.dll', returning.
TpTrace Information: 0 : 9904, 1, 2024/05/03, 16:52:51.124, 11481412438772, vstest.console.dll, AssemblyResolver.OnResolve: Microsoft.Bcl.AsyncInterfaces: Assembly path does not exist: 'C:\Program Files\dotnet\sdk\8.0.202\Extensions\Microsoft.Bcl.AsyncInterfaces.exe', returning.
TpTrace Information: 0 : 9904, 1, 2024/05/03, 16:52:51.124, 11481412439238, vstest.console.dll, AssemblyResolver.OnResolve: Microsoft.Bcl.AsyncInterfaces: Searching in: 'C:\Program Files\dotnet\sdk\8.0.202'.
TpTrace Information: 0 : 9904, 1, 2024/05/03, 16:52:51.124, 11481412439866, vstest.console.dll, AssemblyResolver.OnResolve: Microsoft.Bcl.AsyncInterfaces: Assembly path does not exist: 'C:\Program Files\dotnet\sdk\8.0.202\Microsoft.Bcl.AsyncInterfaces.dll', returning.
TpTrace Information: 0 : 9904, 1, 2024/05/03, 16:52:51.124, 11481412440488, vstest.console.dll, AssemblyResolver.OnResolve: Microsoft.Bcl.AsyncInterfaces: Assembly path does not exist: 'C:\Program Files\dotnet\sdk\8.0.202\Microsoft.Bcl.AsyncInterfaces.exe', returning.
TpTrace Information: 0 : 9904, 1, 2024/05/03, 16:52:51.124, 11481412440803, vstest.console.dll, AssemblyResolver.OnResolve: Microsoft.Bcl.AsyncInterfaces: Failed to load assembly.
TpTrace Verbose: 0 : 9904, 1, 2024/05/03, 16:52:51.124, 11481412441295, vstest.console.dll, CurrentDomainAssemblyResolve: Resolving assembly 'Microsoft.Bcl.AsyncInterfaces'.
TpTrace Information: 0 : 9904, 1, 2024/05/03, 16:52:51.124, 11481412441944, vstest.console.dll, AssemblyResolver.OnResolve: Microsoft.Bcl.AsyncInterfaces: Resolving assembly.
TpTrace Information: 0 : 9904, 1, 2024/05/03, 16:52:51.124, 11481412442353, vstest.console.dll, AssemblyResolver.OnResolve: Microsoft.Bcl.AsyncInterfaces: Resolved from cache.
TpTrace Verbose: 0 : 9904, 1, 2024/05/03, 16:52:51.124, 11481412442646, vstest.console.dll, CurrentDomainAssemblyResolve: Resolving assembly 'Microsoft.Bcl.AsyncInterfaces'.
TpTrace Verbose: 0 : 9904, 1, 2024/05/03, 16:52:51.124, 11481412442983, vstest.console.dll, CurrentDomainAssemblyResolve: Failed to resolve assembly 'Microsoft.Bcl.AsyncInterfaces'.
TpTrace Verbose: 0 : 9904, 1, 2024/05/03, 16:52:51.125, 11481412449342, vstest.console.dll, CurrentDomainAssemblyResolve: Failed to resolve assembly 'Microsoft.Bcl.AsyncInterfaces'.
TpTrace Warning: 0 : 9904, 1, 2024/05/03, 16:52:51.134, 11481412541449, vstest.console.dll, TestPluginDiscoverer: Failed to get types from assembly 'Microsoft.Diagnostics.NETCore.Client, Version=0.2.9.2401, Culture=neutral, PublicKeyToken=31bf3856ad364e35'. Error: System.Reflection.ReflectionTypeLoadException: Unable to load one or more of the requested types.
Could not load file or assembly 'Microsoft.Bcl.AsyncInterfaces, Version=6.0.0.0, Culture=neutral, PublicKeyToken=cc7b13ffcd2ddd51'. The system cannot find the file specified.
   at System.Reflection.RuntimeModule.GetTypes(RuntimeModule module)
   at System.Reflection.RuntimeModule.GetTypes()
   at Microsoft.VisualStudio.TestPlatform.Common.ExtensionFramework.TestPluginDiscoverer.GetTestExtensionsFromAssembly[TPluginInfo,TExtension](Assembly assembly, Dictionary`2 pluginInfos, String filePath) in /_/src/Microsoft.TestPlatform.Common/ExtensionFramework/TestPluginDiscoverer.cs:line 158
System.IO.FileNotFoundException: Could not load file or assembly 'Microsoft.Bcl.AsyncInterfaces, Version=6.0.0.0, Culture=neutral, PublicKeyToken=cc7b13ffcd2ddd51'. The system cannot find the file specified.
File name: 'Microsoft.Bcl.AsyncInterfaces, Version=6.0.0.0, Culture=neutral, PublicKeyToken=cc7b13ffcd2ddd51'
 ---> System.IO.FileNotFoundException: Could not load file or assembly 'Microsoft.Bcl.AsyncInterfaces, Culture=neutral, PublicKeyToken=null'. The system cannot find the file specified.
File name: 'Microsoft.Bcl.AsyncInterfaces, Culture=neutral, PublicKeyToken=null'
   at System.Reflection.RuntimeAssembly.InternalLoad(AssemblyName assemblyName, StackCrawlMark& stackMark, AssemblyLoadContext assemblyLoadContext, RuntimeAssembly requestingAssembly, Boolean throwOnFileNotFound)
   at System.Reflection.Assembly.Load(AssemblyName assemblyRef)
   at Microsoft.VisualStudio.TestPlatform.Common.ExtensionFramework.TestPluginCache.CurrentDomainAssemblyResolve(Object sender, AssemblyResolveEventArgs args) in /_/src/Microsoft.TestPlatform.Common/ExtensionFramework/TestPluginCache.cs:line 513
   at System.Runtime.Loader.AssemblyLoadContext.GetFirstResolvedAssemblyFromResolvingEvent(AssemblyName assemblyName)
   at System.Runtime.Loader.AssemblyLoadContext.ResolveUsingEvent(AssemblyName assemblyName)
   at System.Runtime.Loader.AssemblyLoadContext.ResolveUsingResolvingEvent(IntPtr gchManagedAssemblyLoadContext, AssemblyName assemblyName)
TpTrace Warning: 0 : 9904, 1, 2024/05/03, 16:52:51.134, 11481412544789, vstest.console.dll, LoaderExceptions: System.IO.FileNotFoundException: Could not load file or assembly 'Microsoft.Bcl.AsyncInterfaces, Version=6.0.0.0, Culture=neutral, PublicKeyToken=cc7b13ffcd2ddd51'. The system cannot find the file specified.
File name: 'Microsoft.Bcl.AsyncInterfaces, Version=6.0.0.0, Culture=neutral, PublicKeyToken=cc7b13ffcd2ddd51'
 ---> System.IO.FileNotFoundException: Could not load file or assembly 'Microsoft.Bcl.AsyncInterfaces, Culture=neutral, PublicKeyToken=null'. The system cannot find the file specified.
File name: 'Microsoft.Bcl.AsyncInterfaces, Culture=neutral, PublicKeyToken=null'
   at System.Reflection.RuntimeAssembly.InternalLoad(AssemblyName assemblyName, StackCrawlMark& stackMark, AssemblyLoadContext assemblyLoadContext, RuntimeAssembly requestingAssembly, Boolean throwOnFileNotFound)
   at System.Reflection.Assembly.Load(AssemblyName assemblyRef)
   at Microsoft.VisualStudio.TestPlatform.Common.ExtensionFramework.TestPluginCache.CurrentDomainAssemblyResolve(Object sender, AssemblyResolveEventArgs args) in /_/src/Microsoft.TestPlatform.Common/ExtensionFramework/TestPluginCache.cs:line 513
   at System.Runtime.Loader.AssemblyLoadContext.GetFirstResolvedAssemblyFromResolvingEvent(AssemblyName assemblyName)
   at System.Runtime.Loader.AssemblyLoadContext.ResolveUsingEvent(AssemblyName assemblyName)
   at System.Runtime.Loader.AssemblyLoadContext.ResolveUsingResolvingEvent(IntPtr gchManagedAssemblyLoadContext, AssemblyName assemblyName)
TpTrace Information: 0 : 9904, 1, 2024/05/03, 16:52:51.135, 11481412546138, vstest.console.dll, AssemblyResolver.OnResolve: Microsoft.TestPlatform.Extensions.BlameDataCollector: Resolving assembly.
TpTrace Information: 0 : 9904, 1, 2024/05/03, 16:52:51.135, 11481412546566, vstest.console.dll, AssemblyResolver.OnResolve: Microsoft.TestPlatform.Extensions.BlameDataCollector: Searching in: 'C:\Program Files\dotnet\sdk\8.0.202\Extensions'.
TpTrace Information: 0 : 9904, 1, 2024/05/03, 16:52:51.135, 11481412549691, vstest.console.dll, AssemblyResolver.OnResolve: Microsoft.TestPlatform.Extensions.BlameDataCollector: Loading assembly 'C:\Program Files\dotnet\sdk\8.0.202\Extensions\Microsoft.TestPlatform.Extensions.BlameDataCollector.dll'.
TpTrace Information: 0 : 9904, 1, 2024/05/03, 16:52:51.135, 11481412554973, vstest.console.dll, AssemblyResolver.OnResolve: Resolved assembly: Microsoft.TestPlatform.Extensions.BlameDataCollector, from path: C:\Program Files\dotnet\sdk\8.0.202\Extensions\Microsoft.TestPlatform.Extensions.BlameDataCollector.dll
TpTrace Verbose: 0 : 9904, 1, 2024/05/03, 16:52:51.136, 11481412557108, vstest.console.dll, MetadataReaderExtensionsHelper: Discovering extensions inside assembly 'Microsoft.TestPlatform.Extensions.BlameDataCollector, Version=15.0.0.0, Culture=neutral, PublicKeyToken=b03f5f7f11d50a3a' file path 'C:\Program Files\dotnet\sdk\8.0.202\Extensions\Microsoft.TestPlatform.Extensions.BlameDataCollector.dll'
TpTrace Information: 0 : 9904, 1, 2024/05/03, 16:52:51.137, 11481412570734, vstest.console.dll, AssemblyResolver.OnResolve: Microsoft.TestPlatform.Extensions.EventLogCollector: Resolving assembly.
TpTrace Information: 0 : 9904, 1, 2024/05/03, 16:52:51.137, 11481412571731, vstest.console.dll, AssemblyResolver.OnResolve: Microsoft.TestPlatform.Extensions.EventLogCollector: Searching in: 'C:\Program Files\dotnet\sdk\8.0.202\Extensions'.
TpTrace Information: 0 : 9904, 1, 2024/05/03, 16:52:51.137, 11481412574985, vstest.console.dll, AssemblyResolver.OnResolve: Microsoft.TestPlatform.Extensions.EventLogCollector: Loading assembly 'C:\Program Files\dotnet\sdk\8.0.202\Extensions\Microsoft.TestPlatform.Extensions.EventLogCollector.dll'.
TpTrace Information: 0 : 9904, 1, 2024/05/03, 16:52:51.138, 11481412579063, vstest.console.dll, AssemblyResolver.OnResolve: Resolved assembly: Microsoft.TestPlatform.Extensions.EventLogCollector, from path: C:\Program Files\dotnet\sdk\8.0.202\Extensions\Microsoft.TestPlatform.Extensions.EventLogCollector.dll
TpTrace Verbose: 0 : 9904, 1, 2024/05/03, 16:52:51.138, 11481412579750, vstest.console.dll, MetadataReaderExtensionsHelper: Discovering extensions inside assembly 'Microsoft.TestPlatform.Extensions.EventLogCollector, Version=15.0.0.0, Culture=neutral, PublicKeyToken=b03f5f7f11d50a3a' file path 'C:\Program Files\dotnet\sdk\8.0.202\Extensions\Microsoft.TestPlatform.Extensions.EventLogCollector.dll'
TpTrace Information: 0 : 9904, 1, 2024/05/03, 16:52:51.140, 11481412603261, vstest.console.dll, AssemblyResolver.OnResolve: Microsoft.TestPlatform.TestHostRuntimeProvider: Resolving assembly.
TpTrace Information: 0 : 9904, 1, 2024/05/03, 16:52:51.140, 11481412604634, vstest.console.dll, AssemblyResolver.OnResolve: Microsoft.TestPlatform.TestHostRuntimeProvider: Searching in: 'C:\Program Files\dotnet\sdk\8.0.202\Extensions'.
TpTrace Information: 0 : 9904, 1, 2024/05/03, 16:52:51.141, 11481412608995, vstest.console.dll, AssemblyResolver.OnResolve: Microsoft.TestPlatform.TestHostRuntimeProvider: Loading assembly 'C:\Program Files\dotnet\sdk\8.0.202\Extensions\Microsoft.TestPlatform.TestHostRuntimeProvider.dll'.
TpTrace Information: 0 : 9904, 1, 2024/05/03, 16:52:51.142, 11481412615441, vstest.console.dll, AssemblyResolver.OnResolve: Resolved assembly: Microsoft.TestPlatform.TestHostRuntimeProvider, from path: C:\Program Files\dotnet\sdk\8.0.202\Extensions\Microsoft.TestPlatform.TestHostRuntimeProvider.dll
TpTrace Verbose: 0 : 9904, 1, 2024/05/03, 16:52:51.142, 11481412616507, vstest.console.dll, MetadataReaderExtensionsHelper: Discovering extensions inside assembly 'Microsoft.TestPlatform.TestHostRuntimeProvider, Version=15.0.0.0, Culture=neutral, PublicKeyToken=b03f5f7f11d50a3a' file path 'C:\Program Files\dotnet\sdk\8.0.202\Extensions\Microsoft.TestPlatform.TestHostRuntimeProvider.dll'
TpTrace Information: 0 : 9904, 1, 2024/05/03, 16:52:51.143, 11481412629865, vstest.console.dll, GetTestExtensionFromType: Register extension with identifier data 'HostProvider://DefaultTestHost' and type 'Microsoft.VisualStudio.TestPlatform.CrossPlatEngine.Hosting.DefaultTestHostManager, Microsoft.TestPlatform.TestHostRuntimeProvider, Version=15.0.0.0, Culture=neutral, PublicKeyToken=b03f5f7f11d50a3a' inside file 'C:\Program Files\dotnet\sdk\8.0.202\Extensions\Microsoft.TestPlatform.TestHostRuntimeProvider.dll'
TpTrace Information: 0 : 9904, 1, 2024/05/03, 16:52:51.143, 11481412632496, vstest.console.dll, GetTestExtensionFromType: Register extension with identifier data 'HostProvider://DotnetTestHost' and type 'Microsoft.VisualStudio.TestPlatform.CrossPlatEngine.Hosting.DotnetTestHostManager, Microsoft.TestPlatform.TestHostRuntimeProvider, Version=15.0.0.0, Culture=neutral, PublicKeyToken=b03f5f7f11d50a3a' inside file 'C:\Program Files\dotnet\sdk\8.0.202\Extensions\Microsoft.TestPlatform.TestHostRuntimeProvider.dll'
TpTrace Information: 0 : 9904, 1, 2024/05/03, 16:52:51.143, 11481412633454, vstest.console.dll, AssemblyResolver.OnResolve: Microsoft.VisualStudio.TestPlatform.Extensions.Html.TestLogger: Resolving assembly.
TpTrace Information: 0 : 9904, 1, 2024/05/03, 16:52:51.143, 11481412633828, vstest.console.dll, AssemblyResolver.OnResolve: Microsoft.VisualStudio.TestPlatform.Extensions.Html.TestLogger: Searching in: 'C:\Program Files\dotnet\sdk\8.0.202\Extensions'.
TpTrace Information: 0 : 9904, 1, 2024/05/03, 16:52:51.144, 11481412636886, vstest.console.dll, AssemblyResolver.OnResolve: Microsoft.VisualStudio.TestPlatform.Extensions.Html.TestLogger: Loading assembly 'C:\Program Files\dotnet\sdk\8.0.202\Extensions\Microsoft.VisualStudio.TestPlatform.Extensions.Html.TestLogger.dll'.
TpTrace Information: 0 : 9904, 1, 2024/05/03, 16:52:51.144, 11481412641569, vstest.console.dll, AssemblyResolver.OnResolve: Resolved assembly: Microsoft.VisualStudio.TestPlatform.Extensions.Html.TestLogger, from path: C:\Program Files\dotnet\sdk\8.0.202\Extensions\Microsoft.VisualStudio.TestPlatform.Extensions.Html.TestLogger.dll
TpTrace Verbose: 0 : 9904, 1, 2024/05/03, 16:52:51.144, 11481412642538, vstest.console.dll, MetadataReaderExtensionsHelper: Discovering extensions inside assembly 'Microsoft.VisualStudio.TestPlatform.Extensions.Html.TestLogger, Version=15.0.0.0, Culture=neutral, PublicKeyToken=b03f5f7f11d50a3a' file path 'C:\Program Files\dotnet\sdk\8.0.202\Extensions\Microsoft.VisualStudio.TestPlatform.Extensions.Html.TestLogger.dll'
TpTrace Information: 0 : 9904, 1, 2024/05/03, 16:52:51.145, 11481412650141, vstest.console.dll, AssemblyResolver.OnResolve: Microsoft.VisualStudio.TestPlatform.Extensions.Trx.TestLogger: Resolving assembly.
TpTrace Information: 0 : 9904, 1, 2024/05/03, 16:52:51.145, 11481412651043, vstest.console.dll, AssemblyResolver.OnResolve: Microsoft.VisualStudio.TestPlatform.Extensions.Trx.TestLogger: Searching in: 'C:\Program Files\dotnet\sdk\8.0.202\Extensions'.
TpTrace Information: 0 : 9904, 1, 2024/05/03, 16:52:51.145, 11481412653738, vstest.console.dll, AssemblyResolver.OnResolve: Microsoft.VisualStudio.TestPlatform.Extensions.Trx.TestLogger: Loading assembly 'C:\Program Files\dotnet\sdk\8.0.202\Extensions\Microsoft.VisualStudio.TestPlatform.Extensions.Trx.TestLogger.dll'.
TpTrace Information: 0 : 9904, 1, 2024/05/03, 16:52:51.146, 11481412658875, vstest.console.dll, AssemblyResolver.OnResolve: Resolved assembly: Microsoft.VisualStudio.TestPlatform.Extensions.Trx.TestLogger, from path: C:\Program Files\dotnet\sdk\8.0.202\Extensions\Microsoft.VisualStudio.TestPlatform.Extensions.Trx.TestLogger.dll
TpTrace Verbose: 0 : 9904, 1, 2024/05/03, 16:52:51.146, 11481412659790, vstest.console.dll, MetadataReaderExtensionsHelper: Discovering extensions inside assembly 'Microsoft.VisualStudio.TestPlatform.Extensions.Trx.TestLogger, Version=15.0.0.0, Culture=neutral, PublicKeyToken=b03f5f7f11d50a3a' file path 'C:\Program Files\dotnet\sdk\8.0.202\Extensions\Microsoft.VisualStudio.TestPlatform.Extensions.Trx.TestLogger.dll'
TpTrace Verbose: 0 : 9904, 1, 2024/05/03, 16:52:51.147, 11481412670606, vstest.console.dll, TestPluginCache: Discovered the extensions using extension path ''.
TpTrace Verbose: 0 : 9904, 1, 2024/05/03, 16:52:51.147, 11481412671946, vstest.console.dll, TestPluginCache: Discoverers are ''.
TpTrace Verbose: 0 : 9904, 1, 2024/05/03, 16:52:51.147, 11481412672294, vstest.console.dll, TestPluginCache: Executors are ''.
TpTrace Verbose: 0 : 9904, 1, 2024/05/03, 16:52:51.147, 11481412672558, vstest.console.dll, TestPluginCache: Executors2 are ''.
TpTrace Verbose: 0 : 9904, 1, 2024/05/03, 16:52:51.147, 11481412672809, vstest.console.dll, TestPluginCache: Setting providers are ''.
TpTrace Verbose: 0 : 9904, 1, 2024/05/03, 16:52:51.147, 11481412673057, vstest.console.dll, TestPluginCache: Loggers are ''.
TpTrace Verbose: 0 : 9904, 1, 2024/05/03, 16:52:51.147, 11481412674674, vstest.console.dll, TestPluginCache: TestHosts are 'HostProvider://DefaultTestHost,HostProvider://DotnetTestHost'.
TpTrace Verbose: 0 : 9904, 1, 2024/05/03, 16:52:51.147, 11481412675084, vstest.console.dll, TestPluginCache: DataCollectors are ''.
TpTrace Information: 0 : 9904, 1, 2024/05/03, 16:52:51.160, 11481412797446, vstest.console.dll, RunTestsArgumentProcessor:Execute: Test run is starting.
TpTrace Verbose: 0 : 9904, 1, 2024/05/03, 16:52:51.160, 11481412798454, vstest.console.dll, RunTestsArgumentProcessor:Execute: Queuing Test run.
TpTrace Information: 0 : 9904, 1, 2024/05/03, 16:52:51.160, 11481412801525, vstest.console.dll, TestRequestManager.RunTests: run tests started.
TpTrace Information: 0 : 9904, 1, 2024/05/03, 16:52:51.161, 11481412813194, vstest.console.dll, AssemblyMetadataProvider.GetFrameworkName: Determined framework:'.NETCoreApp,Version=v8.0' for source: 'D:\Api_gateway_architecture\User_for_ NUnit_Test\Nunit_test_for_user\bin\Debug\net8.0\fine-code-coverage\build-output\Nunit_test_for_user.dll'
TpTrace Information: 0 : 9904, 1, 2024/05/03, 16:52:51.161, 11481412814906, vstest.console.dll, Determined framework for all sources: .NETCoreApp,Version=v8.0
TpTrace Verbose: 0 : 9904, 1, 2024/05/03, 16:52:51.162, 11481412817928, vstest.console.dll, TestRequestManager.UpdateRunSettingsIfRequired: Default architecture: X64 IsDefaultTargetArchitecture: True, Current process architecture: X64 OperatingSystem: Windows.
TpTrace Information: 0 : 9904, 1, 2024/05/03, 16:52:51.163, 11481412833826, vstest.console.dll, AssemblyMetadataProvider.GetArchitecture: Determined architecture:AnyCPU info for assembly: D:\Api_gateway_architecture\User_for_ NUnit_Test\Nunit_test_for_user\bin\Debug\net8.0\fine-code-coverage\build-output\Nunit_test_for_user.dll
TpTrace Information: 0 : 9904, 1, 2024/05/03, 16:52:51.163, 11481412834785, vstest.console.dll, Determined platform for source 'D:\Api_gateway_architecture\User_for_ NUnit_Test\Nunit_test_for_user\bin\Debug\net8.0\fine-code-coverage\build-output\Nunit_test_for_user.dll' was AnyCPU and it will use the default plaform X64.
TpTrace Information: 0 : 9904, 1, 2024/05/03, 16:52:51.163, 11481412835092, vstest.console.dll, None of the sources provided any runnable platform, using the default platform: X64
TpTrace Information: 0 : 9904, 1, 2024/05/03, 16:52:51.164, 11481412836137, vstest.console.dll, Platform was updated to 'X64'.
TpTrace Information: 0 : 9904, 1, 2024/05/03, 16:52:51.166, 11481412863803, vstest.console.dll, InferRunSettingsHelper.IsTestSettingsEnabled: Unable to navigate to RunSettings/MSTest. Current node: RunSettings
TpTrace Information: 0 : 9904, 1, 2024/05/03, 16:52:51.167, 11481412869856, vstest.console.dll, AssemblyResolver.OnResolve: Microsoft.VisualStudio.TestPlatform.Fakes: Resolving assembly.
TpTrace Information: 0 : 9904, 1, 2024/05/03, 16:52:51.167, 11481412870654, vstest.console.dll, AssemblyResolver.OnResolve: Microsoft.VisualStudio.TestPlatform.Fakes: Searching in: 'C:\Program Files\dotnet\sdk\8.0.202\Extensions'.
TpTrace Information: 0 : 9904, 1, 2024/05/03, 16:52:51.167, 11481412871768, vstest.console.dll, AssemblyResolver.OnResolve: Microsoft.VisualStudio.TestPlatform.Fakes: Assembly path does not exist: 'C:\Program Files\dotnet\sdk\8.0.202\Extensions\Microsoft.VisualStudio.TestPlatform.Fakes.dll', returning.
TpTrace Information: 0 : 9904, 1, 2024/05/03, 16:52:51.167, 11481412872417, vstest.console.dll, AssemblyResolver.OnResolve: Microsoft.VisualStudio.TestPlatform.Fakes: Assembly path does not exist: 'C:\Program Files\dotnet\sdk\8.0.202\Extensions\Microsoft.VisualStudio.TestPlatform.Fakes.exe', returning.
TpTrace Information: 0 : 9904, 1, 2024/05/03, 16:52:51.167, 11481412872729, vstest.console.dll, AssemblyResolver.OnResolve: Microsoft.VisualStudio.TestPlatform.Fakes: Searching in: 'C:\Program Files\dotnet\sdk\8.0.202'.
TpTrace Information: 0 : 9904, 1, 2024/05/03, 16:52:51.167, 11481412873448, vstest.console.dll, AssemblyResolver.OnResolve: Microsoft.VisualStudio.TestPlatform.Fakes: Assembly path does not exist: 'C:\Program Files\dotnet\sdk\8.0.202\Microsoft.VisualStudio.TestPlatform.Fakes.dll', returning.
TpTrace Information: 0 : 9904, 1, 2024/05/03, 16:52:51.167, 11481412874054, vstest.console.dll, AssemblyResolver.OnResolve: Microsoft.VisualStudio.TestPlatform.Fakes: Assembly path does not exist: 'C:\Program Files\dotnet\sdk\8.0.202\Microsoft.VisualStudio.TestPlatform.Fakes.exe', returning.
TpTrace Information: 0 : 9904, 1, 2024/05/03, 16:52:51.167, 11481412874369, vstest.console.dll, AssemblyResolver.OnResolve: Microsoft.VisualStudio.TestPlatform.Fakes: Failed to load assembly.
TpTrace Information: 0 : 9904, 1, 2024/05/03, 16:52:51.168, 11481412876746, vstest.console.dll, Failed to load assembly Microsoft.VisualStudio.TestPlatform.Fakes, Version=17.0.0.0, Culture=neutral. Reason:System.IO.FileNotFoundException: Could not load file or assembly 'Microsoft.VisualStudio.TestPlatform.Fakes, Version=17.0.0.0, Culture=neutral, PublicKeyToken=null'. The system cannot find the file specified.
File name: 'Microsoft.VisualStudio.TestPlatform.Fakes, Version=17.0.0.0, Culture=neutral, PublicKeyToken=null'
   at System.Reflection.RuntimeAssembly.InternalLoad(AssemblyName assemblyName, StackCrawlMark& stackMark, AssemblyLoadContext assemblyLoadContext, RuntimeAssembly requestingAssembly, Boolean throwOnFileNotFound)
   at System.Reflection.Assembly.Load(AssemblyName assemblyRef)
   at Microsoft.VisualStudio.TestPlatform.Common.Utilities.FakesUtilities.LoadTestPlatformAssembly() in /_/src/Microsoft.TestPlatform.Common/Utilities/FakesUtilities.cs:line 272
TpTrace Verbose: 0 : 9904, 1, 2024/05/03, 16:52:51.171, 11481412907044, vstest.console.dll, TestPluginCache.DiscoverTestExtensions: finding test extensions in assemblies ends with: TestLogger.dll TPluginInfo: Microsoft.VisualStudio.TestPlatform.Common.ExtensionFramework.Utilities.TestLoggerPluginInformation TExtension: Microsoft.VisualStudio.TestPlatform.ObjectModel.Client.ITestLogger
TpTrace Verbose: 0 : 9904, 1, 2024/05/03, 16:52:51.171, 11481412908365, vstest.console.dll, TestPluginCache.GetExtensionPaths: Filtered extension paths: 
TpTrace Verbose: 0 : 9904, 1, 2024/05/03, 16:52:51.171, 11481412908880, vstest.console.dll, TestPluginCache.GetExtensionPaths: Added default extension paths: C:\Program Files\dotnet\sdk\8.0.202\Extensions\Microsoft.Diagnostics.NETCore.Client.dll
C:\Program Files\dotnet\sdk\8.0.202\Extensions\Microsoft.TestPlatform.Extensions.BlameDataCollector.dll
C:\Program Files\dotnet\sdk\8.0.202\Extensions\Microsoft.TestPlatform.Extensions.EventLogCollector.dll
C:\Program Files\dotnet\sdk\8.0.202\Extensions\Microsoft.TestPlatform.TestHostRuntimeProvider.dll
C:\Program Files\dotnet\sdk\8.0.202\Extensions\Microsoft.VisualStudio.TestPlatform.Extensions.Html.TestLogger.dll
C:\Program Files\dotnet\sdk\8.0.202\Extensions\Microsoft.VisualStudio.TestPlatform.Extensions.Trx.TestLogger.dll
TpTrace Verbose: 0 : 9904, 1, 2024/05/03, 16:52:51.171, 11481412909284, vstest.console.dll, TestPluginCache.GetExtensionPaths: Added unfilterableExtensionPaths: 
TpTrace Information: 0 : 9904, 1, 2024/05/03, 16:52:51.171, 11481412913833, vstest.console.dll, AssemblyResolver.AddSearchDirectories: Adding more searchDirectories C:\Program Files\dotnet\sdk\8.0.202\Extensions,C:\Program Files\dotnet\sdk\8.0.202
TpTrace Verbose: 0 : 9904, 1, 2024/05/03, 16:52:51.171, 11481412914773, vstest.console.dll, TestPluginCache.DiscoverTestExtensions: Discovering the extensions using extension path.
TpTrace Verbose: 0 : 9904, 1, 2024/05/03, 16:52:51.172, 11481412915355, vstest.console.dll, TestPluginCache.GetExtensionPaths: Filtered extension paths: 
TpTrace Verbose: 0 : 9904, 1, 2024/05/03, 16:52:51.172, 11481412915892, vstest.console.dll, TestPluginCache.GetExtensionPaths: Added default extension paths: C:\Program Files\dotnet\sdk\8.0.202\Extensions\Microsoft.Diagnostics.NETCore.Client.dll
C:\Program Files\dotnet\sdk\8.0.202\Extensions\Microsoft.TestPlatform.Extensions.BlameDataCollector.dll
C:\Program Files\dotnet\sdk\8.0.202\Extensions\Microsoft.TestPlatform.Extensions.EventLogCollector.dll
C:\Program Files\dotnet\sdk\8.0.202\Extensions\Microsoft.TestPlatform.TestHostRuntimeProvider.dll
C:\Program Files\dotnet\sdk\8.0.202\Extensions\Microsoft.VisualStudio.TestPlatform.Extensions.Html.TestLogger.dll
C:\Program Files\dotnet\sdk\8.0.202\Extensions\Microsoft.VisualStudio.TestPlatform.Extensions.Trx.TestLogger.dll
TpTrace Verbose: 0 : 9904, 1, 2024/05/03, 16:52:51.172, 11481412916344, vstest.console.dll, TestPluginCache.GetExtensionPaths: Added unfilterableExtensionPaths: 
TpTrace Verbose: 0 : 9904, 1, 2024/05/03, 16:52:51.172, 11481412916874, vstest.console.dll, TestPluginCache.DiscoverTestExtensions: Discovering the extensions using allExtensionPaths: C:\Program Files\dotnet\sdk\8.0.202\Extensions\Microsoft.Diagnostics.NETCore.Client.dll
C:\Program Files\dotnet\sdk\8.0.202\Extensions\Microsoft.TestPlatform.Extensions.BlameDataCollector.dll
C:\Program Files\dotnet\sdk\8.0.202\Extensions\Microsoft.TestPlatform.Extensions.EventLogCollector.dll
C:\Program Files\dotnet\sdk\8.0.202\Extensions\Microsoft.TestPlatform.TestHostRuntimeProvider.dll
C:\Program Files\dotnet\sdk\8.0.202\Extensions\Microsoft.VisualStudio.TestPlatform.Extensions.Html.TestLogger.dll
C:\Program Files\dotnet\sdk\8.0.202\Extensions\Microsoft.VisualStudio.TestPlatform.Extensions.Trx.TestLogger.dll
TpTrace Information: 0 : 9904, 1, 2024/05/03, 16:52:51.172, 11481412918179, vstest.console.dll, AssemblyResolver.AddSearchDirectories: Adding more searchDirectories C:\Program Files\dotnet\sdk\8.0.202\Extensions,C:\Program Files\dotnet\sdk\8.0.202
TpTrace Information: 0 : 9904, 1, 2024/05/03, 16:52:51.172, 11481412918760, vstest.console.dll, AssemblyResolver.AddSearchDirectories: Adding more searchDirectories C:\Program Files\dotnet\sdk\8.0.202\Extensions,C:\Program Files\dotnet\sdk\8.0.202
TpTrace Information: 0 : 9904, 1, 2024/05/03, 16:52:51.172, 11481412919286, vstest.console.dll, AssemblyResolver.AddSearchDirectories: Adding more searchDirectories C:\Program Files\dotnet\sdk\8.0.202\Extensions,C:\Program Files\dotnet\sdk\8.0.202
TpTrace Information: 0 : 9904, 1, 2024/05/03, 16:52:51.172, 11481412919685, vstest.console.dll, AssemblyResolver.AddSearchDirectories: Adding more searchDirectories C:\Program Files\dotnet\sdk\8.0.202\Extensions,C:\Program Files\dotnet\sdk\8.0.202
TpTrace Information: 0 : 9904, 1, 2024/05/03, 16:52:51.172, 11481412920148, vstest.console.dll, AssemblyResolver.AddSearchDirectories: Adding more searchDirectories C:\Program Files\dotnet\sdk\8.0.202\Extensions,C:\Program Files\dotnet\sdk\8.0.202
TpTrace Information: 0 : 9904, 1, 2024/05/03, 16:52:51.172, 11481412920693, vstest.console.dll, AssemblyResolver.AddSearchDirectories: Adding more searchDirectories C:\Program Files\dotnet\sdk\8.0.202\Extensions,C:\Program Files\dotnet\sdk\8.0.202
TpTrace Verbose: 0 : 9904, 1, 2024/05/03, 16:52:51.173, 11481412933671, vstest.console.dll, MetadataReaderExtensionsHelper: Discovering extensions inside assembly 'Microsoft.Diagnostics.NETCore.Client, Version=0.2.9.2401, Culture=neutral, PublicKeyToken=31bf3856ad364e35' file path 'C:\Program Files\dotnet\sdk\8.0.202\Extensions\Microsoft.Diagnostics.NETCore.Client.dll'
TpTrace Information: 0 : 9904, 1, 2024/05/03, 16:52:51.174, 11481412938989, vstest.console.dll, AssemblyResolver.OnResolve: Microsoft.Bcl.AsyncInterfaces: Resolving assembly.
TpTrace Information: 0 : 9904, 1, 2024/05/03, 16:52:51.174, 11481412939705, vstest.console.dll, AssemblyResolver.OnResolve: Microsoft.Bcl.AsyncInterfaces: Resolved from cache.
TpTrace Verbose: 0 : 9904, 1, 2024/05/03, 16:52:51.174, 11481412940010, vstest.console.dll, CurrentDomainAssemblyResolve: Resolving assembly 'Microsoft.Bcl.AsyncInterfaces'.
TpTrace Information: 0 : 9904, 1, 2024/05/03, 16:52:51.174, 11481412940467, vstest.console.dll, AssemblyResolver.OnResolve: Microsoft.Bcl.AsyncInterfaces: Resolving assembly.
TpTrace Information: 0 : 9904, 1, 2024/05/03, 16:52:51.174, 11481412940767, vstest.console.dll, AssemblyResolver.OnResolve: Microsoft.Bcl.AsyncInterfaces: Resolved from cache.
TpTrace Verbose: 0 : 9904, 1, 2024/05/03, 16:52:51.174, 11481412941042, vstest.console.dll, CurrentDomainAssemblyResolve: Resolving assembly 'Microsoft.Bcl.AsyncInterfaces'.
TpTrace Verbose: 0 : 9904, 1, 2024/05/03, 16:52:51.174, 11481412941308, vstest.console.dll, CurrentDomainAssemblyResolve: Failed to resolve assembly 'Microsoft.Bcl.AsyncInterfaces'.
TpTrace Verbose: 0 : 9904, 1, 2024/05/03, 16:52:51.174, 11481412942541, vstest.console.dll, CurrentDomainAssemblyResolve: Failed to resolve assembly 'Microsoft.Bcl.AsyncInterfaces'.
TpTrace Warning: 0 : 9904, 1, 2024/05/03, 16:52:51.175, 11481412945607, vstest.console.dll, TestPluginDiscoverer: Failed to get types from assembly 'Microsoft.Diagnostics.NETCore.Client, Version=0.2.9.2401, Culture=neutral, PublicKeyToken=31bf3856ad364e35'. Error: System.Reflection.ReflectionTypeLoadException: Unable to load one or more of the requested types.
Could not load file or assembly 'Microsoft.Bcl.AsyncInterfaces, Version=6.0.0.0, Culture=neutral, PublicKeyToken=cc7b13ffcd2ddd51'. The system cannot find the file specified.
   at System.Reflection.RuntimeModule.GetTypes(RuntimeModule module)
   at System.Reflection.RuntimeModule.GetTypes()
   at Microsoft.VisualStudio.TestPlatform.Common.ExtensionFramework.TestPluginDiscoverer.GetTestExtensionsFromAssembly[TPluginInfo,TExtension](Assembly assembly, Dictionary`2 pluginInfos, String filePath) in /_/src/Microsoft.TestPlatform.Common/ExtensionFramework/TestPluginDiscoverer.cs:line 158
System.IO.FileNotFoundException: Could not load file or assembly 'Microsoft.Bcl.AsyncInterfaces, Version=6.0.0.0, Culture=neutral, PublicKeyToken=cc7b13ffcd2ddd51'. The system cannot find the file specified.
File name: 'Microsoft.Bcl.AsyncInterfaces, Version=6.0.0.0, Culture=neutral, PublicKeyToken=cc7b13ffcd2ddd51'
 ---> System.IO.FileNotFoundException: Could not load file or assembly 'Microsoft.Bcl.AsyncInterfaces, Culture=neutral, PublicKeyToken=null'. The system cannot find the file specified.
File name: 'Microsoft.Bcl.AsyncInterfaces, Culture=neutral, PublicKeyToken=null'
   at System.Reflection.RuntimeAssembly.InternalLoad(AssemblyName assemblyName, StackCrawlMark& stackMark, AssemblyLoadContext assemblyLoadContext, RuntimeAssembly requestingAssembly, Boolean throwOnFileNotFound)
   at System.Reflection.Assembly.Load(AssemblyName assemblyRef)
   at Microsoft.VisualStudio.TestPlatform.Common.ExtensionFramework.TestPluginCache.CurrentDomainAssemblyResolve(Object sender, AssemblyResolveEventArgs args) in /_/src/Microsoft.TestPlatform.Common/ExtensionFramework/TestPluginCache.cs:line 513
   at System.Runtime.Loader.AssemblyLoadContext.GetFirstResolvedAssemblyFromResolvingEvent(AssemblyName assemblyName)
   at System.Runtime.Loader.AssemblyLoadContext.ResolveUsingEvent(AssemblyName assemblyName)
   at System.Runtime.Loader.AssemblyLoadContext.ResolveUsingResolvingEvent(IntPtr gchManagedAssemblyLoadContext, AssemblyName assemblyName)
TpTrace Warning: 0 : 9904, 1, 2024/05/03, 16:52:51.175, 11481412946931, vstest.console.dll, LoaderExceptions: System.IO.FileNotFoundException: Could not load file or assembly 'Microsoft.Bcl.AsyncInterfaces, Version=6.0.0.0, Culture=neutral, PublicKeyToken=cc7b13ffcd2ddd51'. The system cannot find the file specified.
File name: 'Microsoft.Bcl.AsyncInterfaces, Version=6.0.0.0, Culture=neutral, PublicKeyToken=cc7b13ffcd2ddd51'
 ---> System.IO.FileNotFoundException: Could not load file or assembly 'Microsoft.Bcl.AsyncInterfaces, Culture=neutral, PublicKeyToken=null'. The system cannot find the file specified.
File name: 'Microsoft.Bcl.AsyncInterfaces, Culture=neutral, PublicKeyToken=null'
   at System.Reflection.RuntimeAssembly.InternalLoad(AssemblyName assemblyName, StackCrawlMark& stackMark, AssemblyLoadContext assemblyLoadContext, RuntimeAssembly requestingAssembly, Boolean throwOnFileNotFound)
   at System.Reflection.Assembly.Load(AssemblyName assemblyRef)
   at Microsoft.VisualStudio.TestPlatform.Common.ExtensionFramework.TestPluginCache.CurrentDomainAssemblyResolve(Object sender, AssemblyResolveEventArgs args) in /_/src/Microsoft.TestPlatform.Common/ExtensionFramework/TestPluginCache.cs:line 513
   at System.Runtime.Loader.AssemblyLoadContext.GetFirstResolvedAssemblyFromResolvingEvent(AssemblyName assemblyName)
   at System.Runtime.Loader.AssemblyLoadContext.ResolveUsingEvent(AssemblyName assemblyName)
   at System.Runtime.Loader.AssemblyLoadContext.ResolveUsingResolvingEvent(IntPtr gchManagedAssemblyLoadContext, AssemblyName assemblyName)
TpTrace Verbose: 0 : 9904, 1, 2024/05/03, 16:52:51.175, 11481412947682, vstest.console.dll, MetadataReaderExtensionsHelper: Discovering extensions inside assembly 'Microsoft.TestPlatform.Extensions.BlameDataCollector, Version=15.0.0.0, Culture=neutral, PublicKeyToken=b03f5f7f11d50a3a' file path 'C:\Program Files\dotnet\sdk\8.0.202\Extensions\Microsoft.TestPlatform.Extensions.BlameDataCollector.dll'
TpTrace Information: 0 : 9904, 1, 2024/05/03, 16:52:51.175, 11481412951915, vstest.console.dll, GetTestExtensionFromType: Register extension with identifier data 'logger://Microsoft/TestPlatform/Extensions/Blame/v1' and type 'Microsoft.TestPlatform.Extensions.BlameDataCollector.BlameLogger, Microsoft.TestPlatform.Extensions.BlameDataCollector, Version=15.0.0.0, Culture=neutral, PublicKeyToken=b03f5f7f11d50a3a' inside file 'C:\Program Files\dotnet\sdk\8.0.202\Extensions\Microsoft.TestPlatform.Extensions.BlameDataCollector.dll'
TpTrace Verbose: 0 : 9904, 1, 2024/05/03, 16:52:51.175, 11481412952598, vstest.console.dll, MetadataReaderExtensionsHelper: Discovering extensions inside assembly 'Microsoft.TestPlatform.Extensions.EventLogCollector, Version=15.0.0.0, Culture=neutral, PublicKeyToken=b03f5f7f11d50a3a' file path 'C:\Program Files\dotnet\sdk\8.0.202\Extensions\Microsoft.TestPlatform.Extensions.EventLogCollector.dll'
TpTrace Verbose: 0 : 9904, 1, 2024/05/03, 16:52:51.176, 11481412955564, vstest.console.dll, MetadataReaderExtensionsHelper: Discovering extensions inside assembly 'Microsoft.TestPlatform.TestHostRuntimeProvider, Version=15.0.0.0, Culture=neutral, PublicKeyToken=b03f5f7f11d50a3a' file path 'C:\Program Files\dotnet\sdk\8.0.202\Extensions\Microsoft.TestPlatform.TestHostRuntimeProvider.dll'
TpTrace Verbose: 0 : 9904, 1, 2024/05/03, 16:52:51.176, 11481412957965, vstest.console.dll, MetadataReaderExtensionsHelper: Discovering extensions inside assembly 'Microsoft.VisualStudio.TestPlatform.Extensions.Html.TestLogger, Version=15.0.0.0, Culture=neutral, PublicKeyToken=b03f5f7f11d50a3a' file path 'C:\Program Files\dotnet\sdk\8.0.202\Extensions\Microsoft.VisualStudio.TestPlatform.Extensions.Html.TestLogger.dll'
TpTrace Information: 0 : 9904, 1, 2024/05/03, 16:52:51.176, 11481412962634, vstest.console.dll, GetTestExtensionFromType: Register extension with identifier data 'logger://Microsoft/TestPlatform/HtmlLogger/v1' and type 'Microsoft.VisualStudio.TestPlatform.Extensions.HtmlLogger.HtmlLogger, Microsoft.VisualStudio.TestPlatform.Extensions.Html.TestLogger, Version=15.0.0.0, Culture=neutral, PublicKeyToken=b03f5f7f11d50a3a' inside file 'C:\Program Files\dotnet\sdk\8.0.202\Extensions\Microsoft.VisualStudio.TestPlatform.Extensions.Html.TestLogger.dll'
TpTrace Verbose: 0 : 9904, 1, 2024/05/03, 16:52:51.176, 11481412963439, vstest.console.dll, MetadataReaderExtensionsHelper: Discovering extensions inside assembly 'Microsoft.VisualStudio.TestPlatform.Extensions.Trx.TestLogger, Version=15.0.0.0, Culture=neutral, PublicKeyToken=b03f5f7f11d50a3a' file path 'C:\Program Files\dotnet\sdk\8.0.202\Extensions\Microsoft.VisualStudio.TestPlatform.Extensions.Trx.TestLogger.dll'
TpTrace Information: 0 : 9904, 1, 2024/05/03, 16:52:51.177, 11481412966648, vstest.console.dll, GetTestExtensionFromType: Register extension with identifier data 'logger://Microsoft/TestPlatform/TrxLogger/v1' and type 'Microsoft.VisualStudio.TestPlatform.Extensions.TrxLogger.TrxLogger, Microsoft.VisualStudio.TestPlatform.Extensions.Trx.TestLogger, Version=15.0.0.0, Culture=neutral, PublicKeyToken=b03f5f7f11d50a3a' inside file 'C:\Program Files\dotnet\sdk\8.0.202\Extensions\Microsoft.VisualStudio.TestPlatform.Extensions.Trx.TestLogger.dll'
TpTrace Verbose: 0 : 9904, 1, 2024/05/03, 16:52:51.177, 11481412967511, vstest.console.dll, TestPluginCache: Discovered the extensions using extension path ''.
TpTrace Verbose: 0 : 9904, 1, 2024/05/03, 16:52:51.177, 11481412967861, vstest.console.dll, TestPluginCache: Discoverers are ''.
TpTrace Verbose: 0 : 9904, 1, 2024/05/03, 16:52:51.177, 11481412968128, vstest.console.dll, TestPluginCache: Executors are ''.
TpTrace Verbose: 0 : 9904, 1, 2024/05/03, 16:52:51.177, 11481412968380, vstest.console.dll, TestPluginCache: Executors2 are ''.
TpTrace Verbose: 0 : 9904, 1, 2024/05/03, 16:52:51.177, 11481412968629, vstest.console.dll, TestPluginCache: Setting providers are ''.
TpTrace Verbose: 0 : 9904, 1, 2024/05/03, 16:52:51.177, 11481412969321, vstest.console.dll, TestPluginCache: Loggers are 'logger://Microsoft/TestPlatform/Extensions/Blame/v1,logger://Microsoft/TestPlatform/HtmlLogger/v1,logger://Microsoft/TestPlatform/TrxLogger/v1'.
TpTrace Verbose: 0 : 9904, 1, 2024/05/03, 16:52:51.177, 11481412969780, vstest.console.dll, TestPluginCache: TestHosts are 'HostProvider://DefaultTestHost,HostProvider://DotnetTestHost'.
TpTrace Verbose: 0 : 9904, 1, 2024/05/03, 16:52:51.177, 11481412970077, vstest.console.dll, TestPluginCache: DataCollectors are ''.
TpTrace Information: 0 : 9904, 1, 2024/05/03, 16:52:51.178, 11481412977677, vstest.console.dll, TestPluginManager.CreateTestExtension: Attempting to load test extension: Microsoft.TestPlatform.Extensions.BlameDataCollector.BlameLogger
TpTrace Verbose: 0 : 9904, 1, 2024/05/03, 16:52:51.184, 11481413041177, vstest.console.dll, TestEngine: Initializing Parallel Execution as MaxCpuCount is set to: 1
TpTrace Information: 0 : 9904, 1, 2024/05/03, 16:52:51.185, 11481413053378, vstest.console.dll, TestPluginManager.CreateTestExtension: Attempting to load test extension: Microsoft.VisualStudio.TestPlatform.CrossPlatEngine.Hosting.DefaultTestHostManager
TpTrace Information: 0 : 9904, 1, 2024/05/03, 16:52:51.186, 11481413063764, vstest.console.dll, TestPluginManager.CreateTestExtension: Attempting to load test extension: Microsoft.VisualStudio.TestPlatform.CrossPlatEngine.Hosting.DotnetTestHostManager
TpTrace Information: 0 : 9904, 1, 2024/05/03, 16:52:51.187, 11481413071747, vstest.console.dll, InferRunSettingsHelper.IsTestSettingsEnabled: Unable to navigate to RunSettings/MSTest. Current node: RunSettings
TpTrace Verbose: 0 : 9904, 1, 2024/05/03, 16:52:51.188, 11481413078998, vstest.console.dll, ParallelOperationManager.ClearSlots: Clearing all slots. Slots should accept more work: True
TpTrace Verbose: 0 : 9904, 1, 2024/05/03, 16:52:51.189, 11481413085255, vstest.console.dll, ParallelOperationManager.SetOccupiedSlotCount: Setting slot counts AvailableSlotCount = 1, OccupiedSlotCount = 0.
TpTrace Verbose: 0 : 9904, 1, 2024/05/03, 16:52:51.189, 11481413088031, vstest.console.dll, Occupied slots:

TpTrace Verbose: 0 : 9904, 1, 2024/05/03, 16:52:51.192, 11481413115491, vstest.console.dll, TestEngine.GetExecutionManager: Chosen execution manager 'Microsoft.VisualStudio.TestPlatform.CrossPlatEngine.Client.Parallel.ParallelProxyExecutionManager, Microsoft.TestPlatform.CrossPlatEngine, Version=15.0.0.0, Culture=neutral, PublicKeyToken=b03f5f7f11d50a3a' ParallelLevel '1'.
TpTrace Verbose: 0 : 9904, 1, 2024/05/03, 16:52:51.192, 11481413116995, vstest.console.dll, TestRunRequest.ExecuteAsync: Creating test run request.
TpTrace Verbose: 0 : 9904, 1, 2024/05/03, 16:52:51.192, 11481413118892, vstest.console.dll, TestRunRequest.ExecuteAsync: Starting.
TpTrace Information: 0 : 9904, 1, 2024/05/03, 16:52:51.193, 11481413129173, vstest.console.dll, TestRunRequest.ExecuteAsync: Starting run with settings:TestRunCriteria:
   KeepAlive=False,FrequencyOfRunStatsChangeEvent=10,RunStatsChangeEventTimeout=00:00:01.5000000,TestCaseFilter=,TestExecutorLauncher=
   Settingsxml=<RunSettings>
  <RunConfiguration>
    <ResultsDirectory>D:\Api_gateway_architecture\User_for_ NUnit_Test\Nunit_test_for_user\bin\Debug\net8.0\fine-code-coverage\coverage-tool-output</ResultsDirectory>
    <TargetPlatform>X64</TargetPlatform>
    <TargetFrameworkVersion>.NETCoreApp,Version=v8.0</TargetFrameworkVersion>
    <DesignMode>False</DesignMode>
    <CollectSourceInformation>False</CollectSourceInformation>
  </RunConfiguration>
  <LoggerRunSettings>
    <Loggers>
      <Logger friendlyName="blame" enabled="True" />
      <Logger friendlyName="Console" uri="logger://microsoft/TestPlatform/ConsoleLogger/v1" assemblyQualifiedName="Microsoft.VisualStudio.TestPlatform.CommandLine.Internal.ConsoleLogger, vstest.console, Version=15.0.0.0, Culture=neutral, PublicKeyToken=b03f5f7f11d50a3a" codeBase="C:\Program Files\dotnet\sdk\8.0.202\vstest.console.dll" enabled="True" />
    </Loggers>
  </LoggerRunSettings>
  <DataCollectionRunSettings>
    <DataCollectors>
      <DataCollector friendlyName="blame" enabled="True">
        <Configuration>
          <ResultsDirectory>D:\Api_gateway_architecture\User_for_ NUnit_Test\Nunit_test_for_user\bin\Debug\net8.0\fine-code-coverage\coverage-tool-output</ResultsDirectory>
        </Configuration>
      </DataCollector>
    </DataCollectors>
  </DataCollectionRunSettings>
</RunSettings>

TpTrace Verbose: 0 : 9904, 1, 2024/05/03, 16:52:51.193, 11481413129803, vstest.console.dll, TestRunRequest.ExecuteAsync: Wait for the first run request is over.
TpTrace Verbose: 0 : 9904, 1, 2024/05/03, 16:52:51.193, 11481413132360, vstest.console.dll, MulticastDelegateUtilities.SafeInvoke: TestRun.TestRunStart: Invoking callbacks was skipped because there are no subscribers.
TpTrace Verbose: 0 : 9904, 4, 2024/05/03, 16:52:51.193, 11481413134325, vstest.console.dll, MulticastDelegateUtilities.SafeInvoke: InternalTestLoggerEvents.SendTestRunStart: Invoking callback 1/1 for Microsoft.VisualStudio.TestPlatform.CommandLine.Internal.ConsoleLogger., took 0 ms.
TpTrace Verbose: 0 : 9904, 1, 2024/05/03, 16:52:51.194, 11481413142254, vstest.console.dll, ParallelProxyExecutionManager: Start execution. Total sources: 1
TpTrace Verbose: 0 : 9904, 1, 2024/05/03, 16:52:51.195, 11481413145890, vstest.console.dll, ParallelOperationManager.StartWork: Starting adding 1 workloads.
TpTrace Verbose: 0 : 9904, 1, 2024/05/03, 16:52:51.195, 11481413146893, vstest.console.dll, ParallelOperationManager.ClearSlots: Clearing all slots. Slots should accept more work: True
TpTrace Verbose: 0 : 9904, 1, 2024/05/03, 16:52:51.195, 11481413148111, vstest.console.dll, ParallelOperationManager.SetOccupiedSlotCount: Setting slot counts AvailableSlotCount = 1, OccupiedSlotCount = 0.
TpTrace Verbose: 0 : 9904, 1, 2024/05/03, 16:52:51.195, 11481413148632, vstest.console.dll, Occupied slots:

TpTrace Verbose: 0 : 9904, 1, 2024/05/03, 16:52:51.196, 11481413161353, vstest.console.dll, TestRequestSender is acting as server.
TpTrace Verbose: 0 : 9904, 1, 2024/05/03, 16:52:51.197, 11481413172415, vstest.console.dll, ParallelOperationManager.RunWorkInParallel: Adding 1 workload to slot, remaining workloads 0.
TpTrace Verbose: 0 : 9904, 1, 2024/05/03, 16:52:51.197, 11481413173202, vstest.console.dll, ParallelOperationManager.SetOccupiedSlotCount: Setting slot counts AvailableSlotCount = 0, OccupiedSlotCount = 1.
TpTrace Verbose: 0 : 9904, 1, 2024/05/03, 16:52:51.197, 11481413174199, vstest.console.dll, Occupied slots:
0: D:\Api_gateway_architecture\User_for_ NUnit_Test\Nunit_test_for_user\bin\Debug\net8.0\fine-code-coverage\build-output\Nunit_test_for_user.dll
TpTrace Verbose: 0 : 9904, 1, 2024/05/03, 16:52:51.198, 11481413183593, vstest.console.dll, ParallelOperationManager.RunWorkInParallel: Started host in slot number 0 for work (source): D:\Api_gateway_architecture\User_for_ NUnit_Test\Nunit_test_for_user\bin\Debug\net8.0\fine-code-coverage\build-output\Nunit_test_for_user.dll.
TpTrace Verbose: 0 : 9904, 1, 2024/05/03, 16:52:51.199, 11481413191511, vstest.console.dll, ParallelOperationManager.RunWorkInParallel: We started 1 work items, which is the max parallel level. Won't start more work.
TpTrace Verbose: 0 : 9904, 1, 2024/05/03, 16:52:51.199, 11481413192757, vstest.console.dll, ParallelOperationManager.RunWorkInParallel: We started 1 work items in here, returning True.
TpTrace Verbose: 0 : 9904, 5, 2024/05/03, 16:52:51.199, 11481413192773, vstest.console.dll, ParallelProxyExecutionManager.StartTestRunOnConcurrentManager: Initializing uninitialized client. Started clients: 0
TpTrace Information: 0 : 9904, 1, 2024/05/03, 16:52:51.199, 11481413193454, vstest.console.dll, TestRunRequest.ExecuteAsync: Started.
TpTrace Verbose: 0 : 9904, 5, 2024/05/03, 16:52:51.199, 11481413194690, vstest.console.dll, DataCollectionRequestSender.InitializeCommunication : Initialize communication. 
TpTrace Verbose: 0 : 9904, 1, 2024/05/03, 16:52:51.200, 11481413199257, vstest.console.dll, TestRunRequest.WaitForCompletion: Waiting with timeout -1.
TpTrace Information: 0 : 9904, 5, 2024/05/03, 16:52:51.207, 11481413273370, vstest.console.dll, Listening on Endpoint : 127.0.0.1:51547
TpTrace Verbose: 0 : 9904, 5, 2024/05/03, 16:52:51.213, 11481413327097, vstest.console.dll, DotnetDataCollectionLauncher: Adding  --runtimeconfig "C:\Program Files\dotnet\sdk\8.0.202\datacollector.runtimeconfig.json" in args
TpTrace Verbose: 0 : 9904, 5, 2024/05/03, 16:52:51.213, 11481413328352, vstest.console.dll, DotnetDataCollectionLauncher: Adding  --depsfile "C:\Program Files\dotnet\sdk\8.0.202\datacollector.deps.json" in args
TpTrace Verbose: 0 : 9904, 5, 2024/05/03, 16:52:51.213, 11481413331469, vstest.console.dll, DotnetDataCollectionLauncher: Full path of dotnet.exe is C:\Program Files\dotnet\dotnet.exe
TpTrace Information: 0 : 9904, 5, 2024/05/03, 16:52:51.220, 11481413404006, vstest.console.dll, ProxyDataCollectionManager.Initialize: Launched datacollector processId: 2528 port: 51547
TpTrace Information: 0 : 9904, 5, 2024/05/03, 16:52:51.221, 11481413405894, vstest.console.dll, ProxyDataCollectionManager.Initialize: waiting for connection with timeout: 90 seconds
TpTrace Verbose: 0 : 9904, 5, 2024/05/03, 16:52:51.221, 11481413406760, vstest.console.dll, DataCollectionRequestSender.WaitForRequestHandlerConnection : Waiting for connection with timeout: 90000
TpTrace Verbose: 0 : 9904, 5, 2024/05/03, 16:52:51.416, 11481415355567, vstest.console.dll, SocketCommunicationManager.WaitForClientConnection took: 194 ms, with 90000 ms timeout, and finished with True.
TpTrace Information: 0 : 9904, 7, 2024/05/03, 16:52:51.416, 11481415355452, vstest.console.dll, Using the buffer size of 16384 bytes
TpTrace Verbose: 0 : 9904, 5, 2024/05/03, 16:52:51.416, 11481415357494, vstest.console.dll, ProxyDataCollectionManager.InvokeDataCollectionServiceAction: Starting.
TpTrace Information: 0 : 9904, 7, 2024/05/03, 16:52:51.416, 11481415357738, vstest.console.dll, Accepted Client request and set the flag
TpTrace Information: 0 : 9904, 5, 2024/05/03, 16:52:51.416, 11481415358600, vstest.console.dll, ProxyDataCollectionManager.BeforeTestRunStart: Get environment variable and port for datacollector processId: 2528 port: 51547
TpTrace Verbose: 0 : 9904, 5, 2024/05/03, 16:52:51.416, 11481415360075, vstest.console.dll, DataCollectionRequestSender.SendBeforeTestRunStartAndGetResult: Send BeforeTestRunStart message with settingsXml <RunSettings><RunConfiguration><ResultsDirectory>D:\Api_gateway_architecture\User_for_ NUnit_Test\Nunit_test_for_user\bin\Debug\net8.0\fine-code-coverage\coverage-tool-output</ResultsDirectory><TargetPlatform>X64</TargetPlatform><TargetFrameworkVersion>.NETCoreApp,Version=v8.0</TargetFrameworkVersion><DesignMode>False</DesignMode><CollectSourceInformation>False</CollectSourceInformation><TestAdaptersPaths>C:\Program Files\dotnet\sdk\8.0.202\Extensions</TestAdaptersPaths></RunConfiguration><LoggerRunSettings><Loggers><Logger friendlyName="blame" enabled="True" /><Logger friendlyName="Console" uri="logger://microsoft/TestPlatform/ConsoleLogger/v1" assemblyQualifiedName="Microsoft.VisualStudio.TestPlatform.CommandLine.Internal.ConsoleLogger, vstest.console, Version=15.0.0.0, Culture=neutral, PublicKeyToken=b03f5f7f11d50a3a" codeBase="C:\Program Files\dotnet\sdk\8.0.202\vstest.console.dll" enabled="True" /></Loggers></LoggerRunSettings><DataCollectionRunSettings><DataCollectors><DataCollector friendlyName="blame" enabled="True"><Configuration><ResultsDirectory>D:\Api_gateway_architecture\User_for_ NUnit_Test\Nunit_test_for_user\bin\Debug\net8.0\fine-code-coverage\coverage-tool-output</ResultsDirectory></Configuration></DataCollector></DataCollectors></DataCollectionRunSettings></RunSettings> and sources System.Collections.Generic.List`1[System.String]: 
TpTrace Verbose: 0 : 9904, 5, 2024/05/03, 16:52:51.485, 11481416049041, vstest.console.dll, DataCollectionRequestSender.SendBeforeTestRunStartAndGetResult: Received message: (DataCollection.SendMessage) -> {"MessageType":"DataCollection.SendMessage","Payload":{"FriendlyName":null,"Uri":null,"TestCaseId":"00000000-0000-0000-0000-000000000000","Message":"Logging DataCollector Diagnostics in file: D:\\Api_gateway_architecture\\User_for_ NUnit_Test\\Nunit_test_for_user\\bin\\Debug\\net8.0\\fine-code-coverage\\coverage-tool-output\\diagnostics.datacollector.24-05-03_16-52-51_21295_5.log","Level":0}}
TpTrace Verbose: 0 : 9904, 5, 2024/05/03, 16:52:51.583, 11481417033547, vstest.console.dll, DataCollectionRequestSender.SendBeforeTestRunStartAndGetResult: Received message: (DataCollection.BeforeTestRunStartResult) -> {"MessageType":"DataCollection.BeforeTestRunStartResult","Payload":{"EnvironmentVariables":{},"DataCollectionEventsPort":51549}}
TpTrace Information: 0 : 9904, 5, 2024/05/03, 16:52:51.587, 11481417071189, vstest.console.dll, ProxyDataCollectionManager.BeforeTestRunStart: SendBeforeTestRunStartAndGetResult successful, env variable from datacollector:   and testhost port: 51549
TpTrace Information: 0 : 9904, 5, 2024/05/03, 16:52:51.587, 11481417073109, vstest.console.dll, ProxyDataCollectionManager.InvokeDataCollectionServiceAction: Completed.
TpTrace Verbose: 0 : 9904, 5, 2024/05/03, 16:52:51.587, 11481417073949, vstest.console.dll, ParallelProxyExecutionManager.StartTestRunOnConcurrentManager: Initializing test run. Started clients: 0
TpTrace Verbose: 0 : 9904, 5, 2024/05/03, 16:52:51.588, 11481417075236, vstest.console.dll, ProxyExecutionManager: Test host is always Lazy initialize.
TpTrace Verbose: 0 : 9904, 5, 2024/05/03, 16:52:51.589, 11481417085413, vstest.console.dll, TestRequestSender.InitializeCommunication: initialize communication. 
TpTrace Information: 0 : 9904, 5, 2024/05/03, 16:52:51.589, 11481417091716, vstest.console.dll, SocketServer.Start: Listening on endpoint : 127.0.0.1:51550
TpTrace Verbose: 0 : 9904, 5, 2024/05/03, 16:52:51.590, 11481417100744, vstest.console.dll, DotnetTestHostmanager.GetTestHostProcessStartInfo: Platform environment 'X64' target architecture 'X64' framework '.NETCoreApp,Version=v8.0' OS 'Windows'
TpTrace Verbose: 0 : 9904, 5, 2024/05/03, 16:52:51.590, 11481417103015, vstest.console.dll, DotnetTestHostmanager: Adding  --runtimeconfig "D:\Api_gateway_architecture\User_for_ NUnit_Test\Nunit_test_for_user\bin\Debug\net8.0\fine-code-coverage\build-output\Nunit_test_for_user.runtimeconfig.json" in args
TpTrace Verbose: 0 : 9904, 5, 2024/05/03, 16:52:51.590, 11481417103910, vstest.console.dll, DotnetTestHostmanager: Adding  --depsfile "D:\Api_gateway_architecture\User_for_ NUnit_Test\Nunit_test_for_user\bin\Debug\net8.0\fine-code-coverage\build-output\Nunit_test_for_user.deps.json" in args
TpTrace Verbose: 0 : 9904, 5, 2024/05/03, 16:52:51.591, 11481417107145, vstest.console.dll, DotnetTestHostmanager.IsWinOnArm: Current PROCESSOR_ARCHITECTURE from environment variable 'AMD64'
TpTrace Verbose: 0 : 9904, 5, 2024/05/03, 16:52:51.591, 11481417107963, vstest.console.dll, DotnetTestHostmanager.IsWinOnArm: Is Windows on ARM 'False'
TpTrace Verbose: 0 : 9904, 5, 2024/05/03, 16:52:51.591, 11481417108870, vstest.console.dll, DotnetTestHostManager: testhost.exe found at path: D:\Api_gateway_architecture\User_for_ NUnit_Test\Nunit_test_for_user\bin\Debug\net8.0\fine-code-coverage\build-output\testhost.exe
TpTrace Verbose: 0 : 9904, 5, 2024/05/03, 16:52:51.591, 11481417109490, vstest.console.dll, DotnetTestHostmanager: Full path of host exe is D:\Api_gateway_architecture\User_for_ NUnit_Test\Nunit_test_for_user\bin\Debug\net8.0\fine-code-coverage\build-output\testhost.exe
TpTrace Verbose: 0 : 9904, 5, 2024/05/03, 16:52:51.591, 11481417111066, vstest.console.dll, DotnetTestHostmanager.LaunchTestHostAsync: Found 'VSTEST_WINAPPHOST_DOTNET_ROOT' in env variables, value 'C:\Program Files\dotnet', forwarding to 'DOTNET_ROOT'
TpTrace Verbose: 0 : 9904, 5, 2024/05/03, 16:52:51.591, 11481417112776, vstest.console.dll, DotnetTestHostManager: Starting process 'D:\Api_gateway_architecture\User_for_ NUnit_Test\Nunit_test_for_user\bin\Debug\net8.0\fine-code-coverage\build-output\testhost.exe' with command line ' --runtimeconfig "D:\Api_gateway_architecture\User_for_ NUnit_Test\Nunit_test_for_user\bin\Debug\net8.0\fine-code-coverage\build-output\Nunit_test_for_user.runtimeconfig.json" --depsfile "D:\Api_gateway_architecture\User_for_ NUnit_Test\Nunit_test_for_user\bin\Debug\net8.0\fine-code-coverage\build-output\Nunit_test_for_user.deps.json" --port 51550 --endpoint 127.0.0.1:051550 --role client --parentprocessid 9904 --diag "D:\Api_gateway_architecture\User_for_ NUnit_Test\Nunit_test_for_user\bin\Debug\net8.0\fine-code-coverage\coverage-tool-output\diagnostics.host.24-05-03_16-52-51_59012_5.log" --tracelevel 4 --datacollectionport 51549 --telemetryoptedin false'
TpTrace Verbose: 0 : 9904, 5, 2024/05/03, 16:52:51.599, 11481417188276, vstest.console.dll, MulticastDelegateUtilities.SafeInvoke: HostProviderEvents.OnHostLaunched: Invoking callback 1/2 for Microsoft.VisualStudio.TestPlatform.CrossPlatEngine.Client.ProxyExecutionManagerWithDataCollection., took 1 ms.
TpTrace Verbose: 0 : 9904, 5, 2024/05/03, 16:52:51.599, 11481417192887, vstest.console.dll, Test Runtime launched
TpTrace Verbose: 0 : 9904, 5, 2024/05/03, 16:52:51.599, 11481417194403, vstest.console.dll, MulticastDelegateUtilities.SafeInvoke: HostProviderEvents.OnHostLaunched: Invoking callback 2/2 for Microsoft.VisualStudio.TestPlatform.CrossPlatEngine.Client.ProxyOperationManager., took 0 ms.
TpTrace Verbose: 0 : 9904, 5, 2024/05/03, 16:52:51.600, 11481417196231, vstest.console.dll, TestRequestSender.WaitForRequestHandlerConnection: waiting for connection with timeout: 90000.
TpTrace Verbose: 0 : 9904, 5, 2024/05/03, 16:52:52.162, 11481422819333, vstest.console.dll, TestRequestSender.WaitForRequestHandlerConnection: waiting took 562 ms, with timeout 90000 ms, and result 0, which is success.
TpTrace Verbose: 0 : 9904, 5, 2024/05/03, 16:52:52.164, 11481422837755, vstest.console.dll, TestRequestSender.CheckVersionWithTestHost: Sending check version message: {"MessageType":"ProtocolVersion","Payload":7}
TpTrace Verbose: 0 : 9904, 11, 2024/05/03, 16:52:52.164, 11481422841730, vstest.console.dll, MulticastDelegateUtilities.SafeInvoke: SocketServer: ClientConnected: Invoking callback 1/1 for Microsoft.VisualStudio.TestPlatform.CommunicationUtilities.TestRequestSender., took 2 ms.
TpTrace Verbose: 0 : 9904, 11, 2024/05/03, 16:52:52.164, 11481422843162, vstest.console.dll, SocketServer.OnClientConnected: Client connected for endPoint: 127.0.0.1:51550, starting MessageLoopAsync:
TpTrace Verbose: 0 : 9904, 11, 2024/05/03, 16:52:52.165, 11481422850633, vstest.console.dll, TcpClientExtensions.MessageLoopAsync: Polling on remoteEndPoint: 127.0.0.1:51551 localEndPoint: 127.0.0.1:51550 after 0 ms
TpTrace Verbose: 0 : 9904, 11, 2024/05/03, 16:52:52.395, 11481425154897, vstest.console.dll, TcpClientExtensions.MessageLoopAsync: NotifyDataAvailable remoteEndPoint: 127.0.0.1:51551 localEndPoint: 127.0.0.1:51550
TpTrace Verbose: 0 : 9904, 11, 2024/05/03, 16:52:52.396, 11481425157708, vstest.console.dll, TestRequestSender.CheckVersionWithTestHost: onMessageReceived received message: (ProtocolVersion) -> {"MessageType":"ProtocolVersion","Payload":7}
TpTrace Verbose: 0 : 9904, 11, 2024/05/03, 16:52:52.396, 11481425164508, vstest.console.dll, MulticastDelegateUtilities.SafeInvoke: LengthPrefixCommunicationChannel: MessageReceived: Invoking callback 1/1 for Microsoft.VisualStudio.TestPlatform.CommunicationUtilities.TestRequestSender+<>c__DisplayClass29_0., took 0 ms.
TpTrace Verbose: 0 : 9904, 5, 2024/05/03, 16:52:52.397, 11481425165722, vstest.console.dll, TestPluginCache.GetExtensionPaths: Filtered extension paths: 
TpTrace Verbose: 0 : 9904, 11, 2024/05/03, 16:52:52.397, 11481425166127, vstest.console.dll, TcpClientExtensions.MessageLoopAsync: Polling on remoteEndPoint: 127.0.0.1:51551 localEndPoint: 127.0.0.1:51550 after 231 ms
TpTrace Verbose: 0 : 9904, 5, 2024/05/03, 16:52:52.397, 11481425166747, vstest.console.dll, TestPluginCache.GetExtensionPaths: Added default extension paths: C:\Program Files\dotnet\sdk\8.0.202\Extensions\Microsoft.Diagnostics.NETCore.Client.dll
C:\Program Files\dotnet\sdk\8.0.202\Extensions\Microsoft.TestPlatform.Extensions.BlameDataCollector.dll
C:\Program Files\dotnet\sdk\8.0.202\Extensions\Microsoft.TestPlatform.Extensions.EventLogCollector.dll
C:\Program Files\dotnet\sdk\8.0.202\Extensions\Microsoft.TestPlatform.TestHostRuntimeProvider.dll
C:\Program Files\dotnet\sdk\8.0.202\Extensions\Microsoft.VisualStudio.TestPlatform.Extensions.Html.TestLogger.dll
C:\Program Files\dotnet\sdk\8.0.202\Extensions\Microsoft.VisualStudio.TestPlatform.Extensions.Trx.TestLogger.dll
TpTrace Verbose: 0 : 9904, 5, 2024/05/03, 16:52:52.397, 11481425168716, vstest.console.dll, TestPluginCache.GetExtensionPaths: Added unfilterableExtensionPaths: 
TpTrace Verbose: 0 : 9904, 5, 2024/05/03, 16:52:52.400, 11481425200361, vstest.console.dll, TestRequestSender.InitializeExecution: Sending initialize execution with message: {"Version":7,"MessageType":"TestExecution.Initialize","Payload":["D:\\Api_gateway_architecture\\User_for_ NUnit_Test\\Nunit_test_for_user\\bin\\Debug\\net8.0\\fine-code-coverage\\build-output\\NUnit3.TestAdapter.dll"]}
TpTrace Verbose: 0 : 9904, 5, 2024/05/03, 16:52:52.400, 11481425202715, vstest.console.dll, ParallelProxyExecutionManager.StartTestRunOnConcurrentManager: Execution starting. Started clients: 1
TpTrace Verbose: 0 : 9904, 5, 2024/05/03, 16:52:52.401, 11481425205794, vstest.console.dll, TestRunRequest:SendTestRunMessage: Starting.
TpTrace Verbose: 0 : 9904, 5, 2024/05/03, 16:52:52.401, 11481425207762, vstest.console.dll, MulticastDelegateUtilities.SafeInvoke: TestRun.LogMessages: Invoking callback 1/1 for Microsoft.VisualStudio.TestPlatform.CommandLine.TestRunResultAggregator., took 0 ms.
TpTrace Information: 0 : 9904, 5, 2024/05/03, 16:52:52.401, 11481425208589, vstest.console.dll, TestRunRequest:SendTestRunMessage: Completed.
TpTrace Verbose: 0 : 9904, 4, 2024/05/03, 16:52:52.401, 11481425209988, vstest.console.dll, MulticastDelegateUtilities.SafeInvoke: InternalTestLoggerEvents.SendTestRunMessage: Invoking callback 1/1 for Microsoft.VisualStudio.TestPlatform.CommandLine.Internal.ConsoleLogger., took 0 ms.
TpTrace Warning: 0 : 9904, 5, 2024/05/03, 16:52:52.401, 11481425213526, vstest.console.dll, InferRunSettingsHelper.MakeRunsettingsCompatible: Removing the following settings: TargetPlatform from RunSettings file. To use those settings please move to latest version of Microsoft.NET.Test.Sdk
TpTrace Verbose: 0 : 9904, 11, 2024/05/03, 16:52:52.404, 11481425243314, vstest.console.dll, TcpClientExtensions.MessageLoopAsync: NotifyDataAvailable remoteEndPoint: 127.0.0.1:51551 localEndPoint: 127.0.0.1:51550
TpTrace Verbose: 0 : 9904, 11, 2024/05/03, 16:52:52.405, 11481425248538, vstest.console.dll, TestRequestSender.OnExecutionMessageReceived: Received message: {"Version":7,"MessageType":"TestSession.Message","Payload":{"MessageLevel":0,"Message":"Logging TestHost Diagnostics in file: D:\\Api_gateway_architecture\\User_for_ NUnit_Test\\Nunit_test_for_user\\bin\\Debug\\net8.0\\fine-code-coverage\\coverage-tool-output\\diagnostics.host.24-05-03_16-52-51_59012_5.log"}}
TpTrace Verbose: 0 : 9904, 11, 2024/05/03, 16:52:52.408, 11481425283024, vstest.console.dll, TestRunRequest:SendTestRunMessage: Starting.
TpTrace Verbose: 0 : 9904, 11, 2024/05/03, 16:52:52.408, 11481425285002, vstest.console.dll, MulticastDelegateUtilities.SafeInvoke: TestRun.LogMessages: Invoking callback 1/1 for Microsoft.VisualStudio.TestPlatform.CommandLine.TestRunResultAggregator., took 0 ms.
TpTrace Verbose: 0 : 9904, 4, 2024/05/03, 16:52:52.408, 11481425285050, vstest.console.dll, MulticastDelegateUtilities.SafeInvoke: InternalTestLoggerEvents.SendTestRunMessage: Invoking callback 1/1 for Microsoft.VisualStudio.TestPlatform.CommandLine.Internal.ConsoleLogger., took 0 ms.
TpTrace Information: 0 : 9904, 11, 2024/05/03, 16:52:52.409, 11481425285721, vstest.console.dll, TestRunRequest:SendTestRunMessage: Completed.
TpTrace Verbose: 0 : 9904, 11, 2024/05/03, 16:52:52.409, 11481425286792, vstest.console.dll, MulticastDelegateUtilities.SafeInvoke: LengthPrefixCommunicationChannel: MessageReceived: Invoking callback 1/1 for Microsoft.VisualStudio.TestPlatform.CommunicationUtilities.TestRequestSender+<>c__DisplayClass34_0., took 4 ms.
TpTrace Verbose: 0 : 9904, 11, 2024/05/03, 16:52:52.409, 11481425287397, vstest.console.dll, TcpClientExtensions.MessageLoopAsync: Polling on remoteEndPoint: 127.0.0.1:51551 localEndPoint: 127.0.0.1:51550 after 12 ms
TpTrace Verbose: 0 : 9904, 5, 2024/05/03, 16:52:52.413, 11481425332831, vstest.console.dll, TestRequestSender.StartTestRun: Sending test run with message: {"Version":7,"MessageType":"TestExecution.StartWithSources","Payload":{"AdapterSourceMap":{"_none_":["D:\\Api_gateway_architecture\\User_for_ NUnit_Test\\Nunit_test_for_user\\bin\\Debug\\net8.0\\fine-code-coverage\\build-output\\Nunit_test_for_user.dll"]},"RunSettings":"<RunSettings>\r\n  <RunConfiguration>\r\n    <ResultsDirectory>D:\\Api_gateway_architecture\\User_for_ NUnit_Test\\Nunit_test_for_user\\bin\\Debug\\net8.0\\fine-code-coverage\\coverage-tool-output</ResultsDirectory>\r\n    <TargetFrameworkVersion>.NETCoreApp,Version=v8.0</TargetFrameworkVersion>\r\n    <DesignMode>False</DesignMode>\r\n    <CollectSourceInformation>False</CollectSourceInformation>\r\n  </RunConfiguration>\r\n  <LoggerRunSettings>\r\n    <Loggers>\r\n      <Logger friendlyName=\"blame\" enabled=\"True\" />\r\n      <Logger friendlyName=\"Console\" uri=\"logger://microsoft/TestPlatform/ConsoleLogger/v1\" assemblyQualifiedName=\"Microsoft.VisualStudio.TestPlatform.CommandLine.Internal.ConsoleLogger, vstest.console, Version=15.0.0.0, Culture=neutral, PublicKeyToken=b03f5f7f11d50a3a\" codeBase=\"C:\\Program Files\\dotnet\\sdk\\8.0.202\\vstest.console.dll\" enabled=\"True\" />\r\n    </Loggers>\r\n  </LoggerRunSettings>\r\n  <DataCollectionRunSettings>\r\n    <DataCollectors>\r\n      <DataCollector friendlyName=\"blame\" enabled=\"True\">\r\n        <Configuration>\r\n          <ResultsDirectory>D:\\Api_gateway_architecture\\User_for_ NUnit_Test\\Nunit_test_for_user\\bin\\Debug\\net8.0\\fine-code-coverage\\coverage-tool-output</ResultsDirectory>\r\n        </Configuration>\r\n      </DataCollector>\r\n    </DataCollectors>\r\n  </DataCollectionRunSettings>\r\n</RunSettings>","TestExecutionContext":{"FrequencyOfRunStatsChangeEvent":10,"RunStatsChangeEventTimeout":"00:00:01.5000000","InIsolation":false,"KeepAlive":false,"AreTestCaseLevelEventsRequired":false,"IsDebug":false,"TestCaseFilter":null,"FilterOptions":null},"Package":null}}
TpTrace Verbose: 0 : 9904, 5, 2024/05/03, 16:52:52.414, 11481425335809, vstest.console.dll, ParallelProxyExecutionManager.StartTestRunOnConcurrentManager: Execution started. Started clients: 1
TpTrace Verbose: 0 : 9904, 11, 2024/05/03, 16:52:52.594, 11481427137569, vstest.console.dll, TcpClientExtensions.MessageLoopAsync: NotifyDataAvailable remoteEndPoint: 127.0.0.1:51551 localEndPoint: 127.0.0.1:51550
TpTrace Verbose: 0 : 9904, 11, 2024/05/03, 16:52:52.594, 11481427139974, vstest.console.dll, TestRequestSender.OnExecutionMessageReceived: Received message: {"Version":7,"MessageType":"TestSession.Message","Payload":{"MessageLevel":0,"Message":"NUnit Adapter 4.5.0.0: Test execution started"}}
TpTrace Verbose: 0 : 9904, 11, 2024/05/03, 16:52:52.594, 11481427143071, vstest.console.dll, TestRunRequest:SendTestRunMessage: Starting.
TpTrace Verbose: 0 : 9904, 11, 2024/05/03, 16:52:52.594, 11481427144709, vstest.console.dll, MulticastDelegateUtilities.SafeInvoke: TestRun.LogMessages: Invoking callback 1/1 for Microsoft.VisualStudio.TestPlatform.CommandLine.TestRunResultAggregator., took 0 ms.
TpTrace Verbose: 0 : 9904, 4, 2024/05/03, 16:52:52.594, 11481427144817, vstest.console.dll, MulticastDelegateUtilities.SafeInvoke: InternalTestLoggerEvents.SendTestRunMessage: Invoking callback 1/1 for Microsoft.VisualStudio.TestPlatform.CommandLine.Internal.ConsoleLogger., took 0 ms.
TpTrace Information: 0 : 9904, 11, 2024/05/03, 16:52:52.595, 11481427145448, vstest.console.dll, TestRunRequest:SendTestRunMessage: Completed.
TpTrace Verbose: 0 : 9904, 11, 2024/05/03, 16:52:52.595, 11481427146855, vstest.console.dll, MulticastDelegateUtilities.SafeInvoke: LengthPrefixCommunicationChannel: MessageReceived: Invoking callback 1/1 for Microsoft.VisualStudio.TestPlatform.CommunicationUtilities.TestRequestSender+<>c__DisplayClass34_0., took 0 ms.
TpTrace Verbose: 0 : 9904, 11, 2024/05/03, 16:52:52.595, 11481427147515, vstest.console.dll, TcpClientExtensions.MessageLoopAsync: Polling on remoteEndPoint: 127.0.0.1:51551 localEndPoint: 127.0.0.1:51550 after 185 ms
TpTrace Verbose: 0 : 9904, 11, 2024/05/03, 16:52:52.614, 11481427341387, vstest.console.dll, TcpClientExtensions.MessageLoopAsync: NotifyDataAvailable remoteEndPoint: 127.0.0.1:51551 localEndPoint: 127.0.0.1:51550
TpTrace Verbose: 0 : 9904, 11, 2024/05/03, 16:52:52.614, 11481427342931, vstest.console.dll, TestRequestSender.OnExecutionMessageReceived: Received message: {"Version":7,"MessageType":"TestSession.Message","Payload":{"MessageLevel":0,"Message":"Running all tests in D:\\Api_gateway_architecture\\User_for_ NUnit_Test\\Nunit_test_for_user\\bin\\Debug\\net8.0\\fine-code-coverage\\build-output\\Nunit_test_for_user.dll"}}
TpTrace Verbose: 0 : 9904, 11, 2024/05/03, 16:52:52.614, 11481427344235, vstest.console.dll, TestRunRequest:SendTestRunMessage: Starting.
TpTrace Verbose: 0 : 9904, 11, 2024/05/03, 16:52:52.614, 11481427345041, vstest.console.dll, MulticastDelegateUtilities.SafeInvoke: TestRun.LogMessages: Invoking callback 1/1 for Microsoft.VisualStudio.TestPlatform.CommandLine.TestRunResultAggregator., took 0 ms.
TpTrace Verbose: 0 : 9904, 4, 2024/05/03, 16:52:52.614, 11481427345156, vstest.console.dll, MulticastDelegateUtilities.SafeInvoke: InternalTestLoggerEvents.SendTestRunMessage: Invoking callback 1/1 for Microsoft.VisualStudio.TestPlatform.CommandLine.Internal.ConsoleLogger., took 0 ms.
TpTrace Information: 0 : 9904, 11, 2024/05/03, 16:52:52.615, 11481427345683, vstest.console.dll, TestRunRequest:SendTestRunMessage: Completed.
TpTrace Verbose: 0 : 9904, 11, 2024/05/03, 16:52:52.615, 11481427346954, vstest.console.dll, MulticastDelegateUtilities.SafeInvoke: LengthPrefixCommunicationChannel: MessageReceived: Invoking callback 1/1 for Microsoft.VisualStudio.TestPlatform.CommunicationUtilities.TestRequestSender+<>c__DisplayClass34_0., took 0 ms.
TpTrace Verbose: 0 : 9904, 11, 2024/05/03, 16:52:52.615, 11481427347465, vstest.console.dll, TcpClientExtensions.MessageLoopAsync: Polling on remoteEndPoint: 127.0.0.1:51551 localEndPoint: 127.0.0.1:51550 after 19 ms
TpTrace Verbose: 0 : 9904, 11, 2024/05/03, 16:52:52.736, 11481428556854, vstest.console.dll, TcpClientExtensions.MessageLoopAsync: NotifyDataAvailable remoteEndPoint: 127.0.0.1:51551 localEndPoint: 127.0.0.1:51550
TpTrace Verbose: 0 : 9904, 11, 2024/05/03, 16:52:52.736, 11481428558606, vstest.console.dll, TestRequestSender.OnExecutionMessageReceived: Received message: {"Version":7,"MessageType":"TestSession.Message","Payload":{"MessageLevel":0,"Message":"   NUnit3TestExecutor discovered 7 of 7 NUnit test cases using Current Discovery mode, Non-Explicit run"}}
TpTrace Verbose: 0 : 9904, 11, 2024/05/03, 16:52:52.736, 11481428560399, vstest.console.dll, TestRunRequest:SendTestRunMessage: Starting.
TpTrace Verbose: 0 : 9904, 11, 2024/05/03, 16:52:52.736, 11481428561469, vstest.console.dll, MulticastDelegateUtilities.SafeInvoke: TestRun.LogMessages: Invoking callback 1/1 for Microsoft.VisualStudio.TestPlatform.CommandLine.TestRunResultAggregator., took 0 ms.
TpTrace Verbose: 0 : 9904, 4, 2024/05/03, 16:52:52.736, 11481428561669, vstest.console.dll, MulticastDelegateUtilities.SafeInvoke: InternalTestLoggerEvents.SendTestRunMessage: Invoking callback 1/1 for Microsoft.VisualStudio.TestPlatform.CommandLine.Internal.ConsoleLogger., took 0 ms.
TpTrace Information: 0 : 9904, 11, 2024/05/03, 16:52:52.736, 11481428562098, vstest.console.dll, TestRunRequest:SendTestRunMessage: Completed.
TpTrace Verbose: 0 : 9904, 11, 2024/05/03, 16:52:52.736, 11481428563198, vstest.console.dll, MulticastDelegateUtilities.SafeInvoke: LengthPrefixCommunicationChannel: MessageReceived: Invoking callback 1/1 for Microsoft.VisualStudio.TestPlatform.CommunicationUtilities.TestRequestSender+<>c__DisplayClass34_0., took 0 ms.
TpTrace Verbose: 0 : 9904, 11, 2024/05/03, 16:52:52.736, 11481428563778, vstest.console.dll, TcpClientExtensions.MessageLoopAsync: Polling on remoteEndPoint: 127.0.0.1:51551 localEndPoint: 127.0.0.1:51550 after 121 ms
TpTrace Verbose: 0 : 9904, 11, 2024/05/03, 16:52:53.393, 11481435128047, vstest.console.dll, TcpClientExtensions.MessageLoopAsync: NotifyDataAvailable remoteEndPoint: 127.0.0.1:51551 localEndPoint: 127.0.0.1:51550
TpTrace Verbose: 0 : 9904, 11, 2024/05/03, 16:52:53.393, 11481435129611, vstest.console.dll, TestRequestSender.OnExecutionMessageReceived: Received message: {"Version":7,"MessageType":"TestSession.Message","Payload":{"MessageLevel":0,"Message":"NUnit Adapter 4.5.0.0: Test execution complete"}}
TpTrace Verbose: 0 : 9904, 11, 2024/05/03, 16:52:53.393, 11481435130880, vstest.console.dll, TestRunRequest:SendTestRunMessage: Starting.
TpTrace Verbose: 0 : 9904, 11, 2024/05/03, 16:52:53.393, 11481435131532, vstest.console.dll, MulticastDelegateUtilities.SafeInvoke: TestRun.LogMessages: Invoking callback 1/1 for Microsoft.VisualStudio.TestPlatform.CommandLine.TestRunResultAggregator., took 0 ms.
TpTrace Verbose: 0 : 9904, 4, 2024/05/03, 16:52:53.393, 11481435131679, vstest.console.dll, MulticastDelegateUtilities.SafeInvoke: InternalTestLoggerEvents.SendTestRunMessage: Invoking callback 1/1 for Microsoft.VisualStudio.TestPlatform.CommandLine.Internal.ConsoleLogger., took 0 ms.
TpTrace Information: 0 : 9904, 11, 2024/05/03, 16:52:53.393, 11481435132105, vstest.console.dll, TestRunRequest:SendTestRunMessage: Completed.
TpTrace Verbose: 0 : 9904, 11, 2024/05/03, 16:52:53.393, 11481435133114, vstest.console.dll, MulticastDelegateUtilities.SafeInvoke: LengthPrefixCommunicationChannel: MessageReceived: Invoking callback 1/1 for Microsoft.VisualStudio.TestPlatform.CommunicationUtilities.TestRequestSender+<>c__DisplayClass34_0., took 0 ms.
TpTrace Verbose: 0 : 9904, 11, 2024/05/03, 16:52:53.393, 11481435133458, vstest.console.dll, TcpClientExtensions.MessageLoopAsync: Polling on remoteEndPoint: 127.0.0.1:51551 localEndPoint: 127.0.0.1:51550 after 656 ms
TpTrace Verbose: 0 : 9904, 11, 2024/05/03, 16:52:53.423, 11481435427801, vstest.console.dll, TcpClientExtensions.MessageLoopAsync: NotifyDataAvailable remoteEndPoint: 127.0.0.1:51551 localEndPoint: 127.0.0.1:51550
TpTrace Verbose: 0 : 9904, 11, 2024/05/03, 16:52:53.423, 11481435431084, vstest.console.dll, TestRequestSender.OnExecutionMessageReceived: Received message: {"Version":7,"MessageType":"TestExecution.Completed","Payload":{"TestRunCompleteArgs":{"TestRunStatistics":{"ExecutedTests":7,"Stats":{"Failed":2,"Passed":5}},"IsCanceled":false,"IsAborted":false,"Error":null,"AttachmentSets":[],"InvokedDataCollectors":[],"ElapsedTimeInRunningTests":"00:00:00.8277551","Metrics":{},"DiscoveredExtensions":{"TestDiscoverers":["NUnit.VisualStudio.TestAdapter.NUnit3TestDiscoverer, NUnit3.TestAdapter, Version=4.5.0.0, Culture=neutral, PublicKeyToken=4cb40d35494691ac"],"TestExecutors":["executor://NUnit3TestExecutor"],"TestExecutors2":[],"TestSettingsProviders":[]}},"LastRunTests":{"NewTestResults":[{"TestCase":{"Id":"cfe5839d-531a-d373-6a8f-a0d0f26b688d","FullyQualifiedName":"Nunit_test_for_user.Tests.Add_AddsUserToContext","DisplayName":"Add_AddsUserToContext","ExecutorUri":"executor://NUnit3TestExecutor","Source":"D:\\Api_gateway_architecture\\User_for_ NUnit_Test\\Nunit_test_for_user\\bin\\Debug\\net8.0\\fine-code-coverage\\build-output\\Nunit_test_for_user.dll","CodeFilePath":null,"LineNumber":0,"Properties":[{"Key":{"Id":"NUnit.Seed","Label":"Seed","Category":"","Description":"","Attributes":0,"ValueType":"System.String"},"Value":"784646437"}]},"Attachments":[],"Outcome":2,"ErrorMessage":"System.NullReferenceException : Object reference not set to an instance of an object.","ErrorStackTrace":"   at Microsoft.EntityFrameworkCore.Internal.InternalDbSet`1.get_EntityType()\r\n   at Microsoft.EntityFrameworkCore.Internal.InternalDbSet`1.EntryWithoutDetectChanges(TEntity entity)\r\n   at Microsoft.EntityFrameworkCore.Internal.InternalDbSet`1.Add(TEntity entity)\r\n   at User_for__NUnit_Test.Repository.Repo.Add(User user) in D:\\Api_gateway_architecture\\User_for_ NUnit_Test\\User_for_ NUnit_Test\\Repository\\Repo.cs:line 15\r\n   at Nunit_test_for_user.Tests.Add_AddsUserToContext() in D:\\Api_gateway_architecture\\User_for_ NUnit_Test\\Nunit_test_for_user\\UnitTest1.cs:line 125\r\n   at System.RuntimeMethodHandle.InvokeMethod(Object target, Void** arguments, Signature sig, Boolean isConstructor)\r\n   at System.Reflection.MethodBaseInvoker.InvokeWithNoArgs(Object obj, BindingFlags invokeAttr)\n","DisplayName":"Add_AddsUserToContext","Messages":[],"ComputerName":"ARJDU-D-0292","Duration":"00:00:00.5536590","StartTime":"2024-05-03T11:22:52.7693024+00:00","EndTime":"2024-05-03T11:22:53.322894+00:00","Properties":[{"Key":{"Id":"NUnit.Seed","Label":"Seed","Category":"","Description":"","Attributes":0,"ValueType":"System.String"},"Value":"784646437"}]},{"TestCase":{"Id":"176aac33-9d7b-0c01-3379-83f3ca4c3644","FullyQualifiedName":"Nunit_test_for_user.Tests.Delete_ReturnsOkResult","DisplayName":"Delete_ReturnsOkResult","ExecutorUri":"executor://NUnit3TestExecutor","Source":"D:\\Api_gateway_architecture\\User_for_ NUnit_Test\\Nunit_test_for_user\\bin\\Debug\\net8.0\\fine-code-coverage\\build-output\\Nunit_test_for_user.dll","CodeFilePath":null,"LineNumber":0,"Properties":[{"Key":{"Id":"NUnit.Seed","Label":"Seed","Category":"","Description":"","Attributes":0,"ValueType":"System.String"},"Value":"180880788"}]},"Attachments":[],"Outcome":1,"ErrorMessage":null,"ErrorStackTrace":null,"DisplayName":"Delete_ReturnsOkResult","Messages":[],"ComputerName":"ARJDU-D-0292","Duration":"00:00:00.0171300","StartTime":"2024-05-03T11:22:53.3243889+00:00","EndTime":"2024-05-03T11:22:53.3415191+00:00","Properties":[{"Key":{"Id":"NUnit.Seed","Label":"Seed","Category":"","Description":"","Attributes":0,"ValueType":"System.String"},"Value":"180880788"}]},{"TestCase":{"Id":"af02f0aa-a8ca-6850-c835-b23181e8253c","FullyQualifiedName":"Nunit_test_for_user.Tests.Get_ReturnsOkResult","DisplayName":"Get_ReturnsOkResult","ExecutorUri":"executor://NUnit3TestExecutor","Source":"D:\\Api_gateway_architecture\\User_for_ NUnit_Test\\Nunit_test_for_user\\bin\\Debug\\net8.0\\fine-code-coverage\\build-output\\Nunit_test_for_user.dll","CodeFilePath":null,"LineNumber":0,"Properties":[{"Key":{"Id":"NUnit.Seed","Label":"Seed","Category":"","Description":"","Attributes":0,"ValueType":"System.String"},"Value":"79493923"}]},"Attachments":[],"Outcome":1,"ErrorMessage":null,"ErrorStackTrace":null,"DisplayName":"Get_ReturnsOkResult","Messages":[],"ComputerName":"ARJDU-D-0292","Duration":"00:00:00.0101980","StartTime":"2024-05-03T11:22:53.3415544+00:00","EndTime":"2024-05-03T11:22:53.3517519+00:00","Properties":[{"Key":{"Id":"NUnit.Seed","Label":"Seed","Category":"","Description":"","Attributes":0,"ValueType":"System.String"},"Value":"79493923"}]},{"TestCase":{"Id":"5ec0f415-5b21-2f09-85b2-7af10235dfc2","FullyQualifiedName":"Nunit_test_for_user.Tests.GetAll_ReturnsAllUsers","DisplayName":"GetAll_ReturnsAllUsers","ExecutorUri":"executor://NUnit3TestExecutor","Source":"D:\\Api_gateway_architecture\\User_for_ NUnit_Test\\Nunit_test_for_user\\bin\\Debug\\net8.0\\fine-code-coverage\\build-output\\Nunit_test_for_user.dll","CodeFilePath":null,"LineNumber":0,"Properties":[{"Key":{"Id":"NUnit.Seed","Label":"Seed","Category":"","Description":"","Attributes":0,"ValueType":"System.String"},"Value":"541950979"}]},"Attachments":[],"Outcome":2,"ErrorMessage":"System.NotSupportedException : Unsupported expression: ... => ....ToList<User>()\r\nExtension methods (here: Enumerable.ToList) may not be used in setup / verification expressions.","ErrorStackTrace":"   at Moq.Guard.IsOverridable(MethodInfo method, Expression expression) in /_/src/Moq/Guard.cs:line 87\r\n   at Moq.MethodExpectation..ctor(LambdaExpression expression, MethodInfo method, IReadOnlyList`1 arguments, Boolean exactGenericTypeArguments, Boolean skipMatcherInitialization, Boolean allowNonOverridable) in /_/src/Moq/MethodExpectation.cs:line 236\r\n   at Moq.ExpressionExtensions.<Split>g__Split|5_0(Expression e, Expression& r, MethodExpectation& p, Boolean assignment, Boolean allowNonOverridableLastProperty) in /_/src/Moq/ExpressionExtensions.cs:line 256\r\n   at Moq.ExpressionExtensions.Split(LambdaExpression expression, Boolean allowNonOverridableLastProperty) in /_/src/Moq/ExpressionExtensions.cs:line 170\r\n   at Moq.Mock.SetupRecursive[TSetup](Mock mock, LambdaExpression expression, Func`4 setupLast, Boolean allowNonOverridableLastProperty) in /_/src/Moq/Mock.cs:line 728\r\n   at Moq.Mock.Setup(Mock mock, LambdaExpression expression, Condition condition) in /_/src/Moq/Mock.cs:line 562\r\n   at Moq.Mock`1.Setup[TResult](Expression`1 expression) in /_/src/Moq/Mock`1.cs:line 645\r\n   at Nunit_test_for_user.Tests.GetAll_ReturnsAllUsers() in D:\\Api_gateway_architecture\\User_for_ NUnit_Test\\Nunit_test_for_user\\UnitTest1.cs:line 146\r\n   at System.RuntimeMethodHandle.InvokeMethod(Object target, Void** arguments, Signature sig, Boolean isConstructor)\r\n   at System.Reflection.MethodBaseInvoker.InvokeWithNoArgs(Object obj, BindingFlags invokeAttr)\n","DisplayName":"GetAll_ReturnsAllUsers","Messages":[],"ComputerName":"ARJDU-D-0292","Duration":"00:00:00.0117640","StartTime":"2024-05-03T11:22:53.3517751+00:00","EndTime":"2024-05-03T11:22:53.3635384+00:00","Properties":[{"Key":{"Id":"NUnit.Seed","Label":"Seed","Category":"","Description":"","Attributes":0,"ValueType":"System.String"},"Value":"541950979"}]},{"TestCase":{"Id":"3fd8272c-81cd-6111-fcd4-53c5bbe7853d","FullyQualifiedName":"Nunit_test_for_user.Tests.GetByMobileNo_ReturnsOkResult","DisplayName":"GetByMobileNo_ReturnsOkResult","ExecutorUri":"executor://NUnit3TestExecutor","Source":"D:\\Api_gateway_architecture\\User_for_ NUnit_Test\\Nunit_test_for_user\\bin\\Debug\\net8.0\\fine-code-coverage\\build-output\\Nunit_test_for_user.dll","CodeFilePath":null,"LineNumber":0,"Properties":[{"Key":{"Id":"NUnit.Seed","Label":"Seed","Category":"","Description":"","Attributes":0,"ValueType":"System.String"},"Value":"363128771"}]},"Attachments":[],"Outcome":1,"ErrorMessage":null,"ErrorStackTrace":null,"DisplayName":"GetByMobileNo_ReturnsOkResult","Messages":[],"ComputerName":"ARJDU-D-0292","Duration":"00:00:00.0084530","StartTime":"2024-05-03T11:22:53.3635664+00:00","EndTime":"2024-05-03T11:22:53.3720188+00:00","Properties":[{"Key":{"Id":"NUnit.Seed","Label":"Seed","Category":"","Description":"","Attributes":0,"ValueType":"System.String"},"Value":"363128771"}]},{"TestCase":{"Id":"5ccb6a32-5201-0fce-c788-0e6eca0749da","FullyQualifiedName":"Nunit_test_for_user.Tests.Post_ReturnsOkResult","DisplayName":"Post_ReturnsOkResult","ExecutorUri":"executor://NUnit3TestExecutor","Source":"D:\\Api_gateway_architecture\\User_for_ NUnit_Test\\Nunit_test_for_user\\bin\\Debug\\net8.0\\fine-code-coverage\\build-output\\Nunit_test_for_user.dll","CodeFilePath":null,"LineNumber":0,"Properties":[{"Key":{"Id":"NUnit.Seed","Label":"Seed","Category":"","Description":"","Attributes":0,"ValueType":"System.String"},"Value":"675628897"}]},"Attachments":[],"Outcome":1,"ErrorMessage":null,"ErrorStackTrace":null,"DisplayName":"Post_ReturnsOkResult","Messages":[],"ComputerName":"ARJDU-D-0292","Duration":"00:00:00.0064160","StartTime":"2024-05-03T11:22:53.3720467+00:00","EndTime":"2024-05-03T11:22:53.3784624+00:00","Properties":[{"Key":{"Id":"NUnit.Seed","Label":"Seed","Category":"","Description":"","Attributes":0,"ValueType":"System.String"},"Value":"675628897"}]},{"TestCase":{"Id":"b398b6c5-e91f-36d1-1c44-e534687856d6","FullyQualifiedName":"Nunit_test_for_user.Tests.Put_ReturnsOkResult","DisplayName":"Put_ReturnsOkResult","ExecutorUri":"executor://NUnit3TestExecutor","Source":"D:\\Api_gateway_architecture\\User_for_ NUnit_Test\\Nunit_test_for_user\\bin\\Debug\\net8.0\\fine-code-coverage\\build-output\\Nunit_test_for_user.dll","CodeFilePath":null,"LineNumber":0,"Properties":[{"Key":{"Id":"NUnit.Seed","Label":"Seed","Category":"","Description":"","Attributes":0,"ValueType":"System.String"},"Value":"1153273935"}]},"Attachments":[],"Outcome":1,"ErrorMessage":null,"ErrorStackTrace":null,"DisplayName":"Put_ReturnsOkResult","Messages":[],"ComputerName":"ARJDU-D-0292","Duration":"00:00:00.0005950","StartTime":"2024-05-03T11:22:53.378497+00:00","EndTime":"2024-05-03T11:22:53.3790923+00:00","Properties":[{"Key":{"Id":"NUnit.Seed","Label":"Seed","Category":"","Description":"","Attributes":0,"ValueType":"System.String"},"Value":"1153273935"}]}],"TestRunStatistics":{"ExecutedTests":7,"Stats":{"Failed":2,"Passed":5}},"ActiveTests":[]},"RunAttachments":[],"ExecutorUris":["executor://nunit3testexecutor/"]}}
TpTrace Verbose: 0 : 9904, 11, 2024/05/03, 16:52:53.423, 11481435432945, vstest.console.dll, TestRequestSender.EndSession: Sending end session.
TpTrace Verbose: 0 : 9904, 11, 2024/05/03, 16:52:53.423, 11481435434370, vstest.console.dll, ProxyOperationManager.Close: waiting for test host to exit for 100 ms
TpTrace Verbose: 0 : 9904, 7, 2024/05/03, 16:52:53.443, 11481435634699, vstest.console.dll, TestHostManagerCallbacks.ctor: Experimental forwarding output is disabled.
TpTrace Warning: 0 : 9904, 7, 2024/05/03, 16:52:53.444, 11481435636009, vstest.console.dll, TestHostManagerCallbacks.ErrorReceivedCallback Test host standard error line: 
TpTrace Verbose: 0 : 9904, 7, 2024/05/03, 16:52:53.455, 11481435745840, vstest.console.dll, TestHostProvider.ExitCallBack: Host exited starting callback.
TpTrace Information: 0 : 9904, 7, 2024/05/03, 16:52:53.455, 11481435747369, vstest.console.dll, TestHostManagerCallbacks.ExitCallBack: Testhost processId: 26724 exited with exitcode: 0 error: ''
TpTrace Verbose: 0 : 9904, 7, 2024/05/03, 16:52:53.455, 11481435747793, vstest.console.dll, DotnetTestHostManager.OnHostExited: invoking OnHostExited callback
TpTrace Verbose: 0 : 9904, 7, 2024/05/03, 16:52:53.455, 11481435748276, vstest.console.dll, CrossPlatEngine.TestHostManagerHostExited: calling on client process exit callback.
TpTrace Information: 0 : 9904, 7, 2024/05/03, 16:52:53.455, 11481435748731, vstest.console.dll, TestRequestSender.OnClientProcessExit: Test host process exited. Standard error: 
TpTrace Information: 0 : 9904, 11, 2024/05/03, 16:52:53.455, 11481435748989, vstest.console.dll, SocketServer.Stop: Stop server endPoint: 127.0.0.1:51550
TpTrace Information: 0 : 9904, 11, 2024/05/03, 16:52:53.455, 11481435749522, vstest.console.dll, SocketServer.Stop: Cancellation requested. Stopping message loop.
TpTrace Information: 0 : 9904, 7, 2024/05/03, 16:52:53.455, 11481435749132, vstest.console.dll, SocketServer.Stop: Stop server endPoint: 127.0.0.1:51550
TpTrace Information: 0 : 9904, 7, 2024/05/03, 16:52:53.455, 11481435750341, vstest.console.dll, SocketServer.Stop: Cancellation requested. Stopping message loop.
TpTrace Information: 0 : 9904, 11, 2024/05/03, 16:52:53.455, 11481435750468, vstest.console.dll, Closing the connection
TpTrace Verbose: 0 : 9904, 7, 2024/05/03, 16:52:53.455, 11481435750751, vstest.console.dll, MulticastDelegateUtilities.SafeInvoke: HostProviderEvents.OnHostExited: Invoking callback 1/1 for Microsoft.VisualStudio.TestPlatform.CrossPlatEngine.Client.ProxyOperationManager., took 0 ms.
TpTrace Verbose: 0 : 9904, 11, 2024/05/03, 16:52:53.455, 11481435752667, vstest.console.dll, ProxyDataCollectionManager.InvokeDataCollectionServiceAction: Starting.
TpTrace Information: 0 : 9904, 11, 2024/05/03, 16:52:53.455, 11481435753145, vstest.console.dll, ProxyDataCollectionManager.AfterTestRunEnd: Get attachment set and invoked data collectors processId: 2528 port: 51547
TpTrace Verbose: 0 : 9904, 11, 2024/05/03, 16:52:53.455, 11481435753568, vstest.console.dll, DataCollectionRequestSender.SendAfterTestRunStartAndGetResult: Send AfterTestRunEnd message with isCancelled: False
TpTrace Verbose: 0 : 9904, 11, 2024/05/03, 16:52:53.461, 11481435807037, vstest.console.dll, DataCollectionRequestSender.SendAfterTestRunStartAndGetResult: Received message: (DataCollection.AfterTestRunEndResult) -> {"MessageType":"DataCollection.AfterTestRunEndResult","Payload":{"AttachmentSets":[],"InvokedDataCollectors":[{"Uri":"datacollector://Microsoft/TestPlatform/Extensions/Blame/v1","FriendlyName":"Blame","AssemblyQualifiedName":"Microsoft.TestPlatform.Extensions.BlameDataCollector.BlameCollector, Microsoft.TestPlatform.Extensions.BlameDataCollector, Version=15.0.0.0, Culture=neutral, PublicKeyToken=b03f5f7f11d50a3a","FilePath":"C:\\Program Files\\dotnet\\sdk\\8.0.202\\Extensions\\Microsoft.TestPlatform.Extensions.BlameDataCollector.dll","HasAttachmentProcessor":false}],"Metrics":{}}}
TpTrace Information: 0 : 9904, 11, 2024/05/03, 16:52:53.472, 11481435921214, vstest.console.dll, ProxyDataCollectionManager.InvokeDataCollectionServiceAction: Completed.
TpTrace Warning: 0 : 9904, 10, 2024/05/03, 16:52:53.478, 11481435975409, vstest.console.dll, DataCollectionLauncher.ErrorReceivedCallback datacollector standard error line: 
TpTrace Information: 0 : 9904, 10, 2024/05/03, 16:52:53.485, 11481436051367, vstest.console.dll, DataCollectionLauncher.ExitCallBack: Data collector exited with exitcode: 0 error: ''
TpTrace Verbose: 0 : 9904, 11, 2024/05/03, 16:52:53.523, 11481436432244, vstest.console.dll, TestRunRequest:SendTestRunStatsChange: Starting.
TpTrace Verbose: 0 : 9904, 11, 2024/05/03, 16:52:53.523, 11481436434450, vstest.console.dll, MulticastDelegateUtilities.SafeInvoke: TestRun.RunStatsChanged: Invoking callbacks was skipped because there are no subscribers.
TpTrace Information: 0 : 9904, 11, 2024/05/03, 16:52:53.523, 11481436434912, vstest.console.dll, TestRunRequest:SendTestRunStatsChange: Completed.
TpTrace Verbose: 0 : 9904, 11, 2024/05/03, 16:52:53.524, 11481436437401, vstest.console.dll, ParallelProxyExecutionManager: HandlePartialRunComplete: Total workloads = 1, Total started clients = 1 Total completed clients = 1, Run complete = True, Run canceled: False.
TpTrace Verbose: 0 : 9904, 11, 2024/05/03, 16:52:53.524, 11481436437828, vstest.console.dll, ParallelProxyExecutionManager: HandlePartialRunComplete: All runs completed stopping all managers.
TpTrace Verbose: 0 : 9904, 11, 2024/05/03, 16:52:53.524, 11481436438154, vstest.console.dll, ParallelOperationManager.StopAllManagers: Stopping all managers.
TpTrace Verbose: 0 : 9904, 11, 2024/05/03, 16:52:53.524, 11481436438459, vstest.console.dll, ParallelOperationManager.ClearSlots: Clearing all slots. Slots should accept more work: False
TpTrace Verbose: 0 : 9904, 11, 2024/05/03, 16:52:53.524, 11481436438875, vstest.console.dll, ParallelOperationManager.SetOccupiedSlotCount: Setting slot counts AvailableSlotCount = 1, OccupiedSlotCount = 0.
TpTrace Verbose: 0 : 9904, 11, 2024/05/03, 16:52:53.524, 11481436439328, vstest.console.dll, Occupied slots:

TpTrace Verbose: 0 : 9904, 4, 2024/05/03, 16:52:53.525, 11481436453385, vstest.console.dll, MulticastDelegateUtilities.SafeInvoke: InternalTestLoggerEvents.SendTestResult: Invoking callback 1/1 for Microsoft.VisualStudio.TestPlatform.CommandLine.Internal.ConsoleLogger., took 1 ms.
TpTrace Verbose: 0 : 9904, 4, 2024/05/03, 16:52:53.526, 11481436457624, vstest.console.dll, MulticastDelegateUtilities.SafeInvoke: InternalTestLoggerEvents.SendTestResult: Invoking callback 1/1 for Microsoft.VisualStudio.TestPlatform.CommandLine.Internal.ConsoleLogger., took 0 ms.
TpTrace Verbose: 0 : 9904, 4, 2024/05/03, 16:52:53.526, 11481436459325, vstest.console.dll, MulticastDelegateUtilities.SafeInvoke: InternalTestLoggerEvents.SendTestResult: Invoking callback 1/1 for Microsoft.VisualStudio.TestPlatform.CommandLine.Internal.ConsoleLogger., took 0 ms.
TpTrace Verbose: 0 : 9904, 4, 2024/05/03, 16:52:53.526, 11481436462681, vstest.console.dll, MulticastDelegateUtilities.SafeInvoke: InternalTestLoggerEvents.SendTestResult: Invoking callback 1/1 for Microsoft.VisualStudio.TestPlatform.CommandLine.Internal.ConsoleLogger., took 0 ms.
TpTrace Verbose: 0 : 9904, 4, 2024/05/03, 16:52:53.527, 11481436465364, vstest.console.dll, MulticastDelegateUtilities.SafeInvoke: InternalTestLoggerEvents.SendTestResult: Invoking callback 1/1 for Microsoft.VisualStudio.TestPlatform.CommandLine.Internal.ConsoleLogger., took 0 ms.
TpTrace Verbose: 0 : 9904, 4, 2024/05/03, 16:52:53.527, 11481436466417, vstest.console.dll, MulticastDelegateUtilities.SafeInvoke: InternalTestLoggerEvents.SendTestResult: Invoking callback 1/1 for Microsoft.VisualStudio.TestPlatform.CommandLine.Internal.ConsoleLogger., took 0 ms.
TpTrace Verbose: 0 : 9904, 4, 2024/05/03, 16:52:53.527, 11481436467242, vstest.console.dll, MulticastDelegateUtilities.SafeInvoke: InternalTestLoggerEvents.SendTestResult: Invoking callback 1/1 for Microsoft.VisualStudio.TestPlatform.CommandLine.Internal.ConsoleLogger., took 0 ms.
TpTrace Verbose: 0 : 9904, 4, 2024/05/03, 16:52:53.531, 11481436514510, vstest.console.dll, MulticastDelegateUtilities.SafeInvoke: InternalTestLoggerEvents.SendTestRunComplete: Invoking callback 1/2 for Microsoft.TestPlatform.Extensions.BlameDataCollector.BlameLogger., took 0 ms.
TpTrace Verbose: 0 : 9904, 4, 2024/05/03, 16:52:53.536, 11481436558477, vstest.console.dll, MulticastDelegateUtilities.SafeInvoke: InternalTestLoggerEvents.SendTestRunComplete: Invoking callback 2/2 for Microsoft.VisualStudio.TestPlatform.CommandLine.Internal.ConsoleLogger., took 4 ms.
TpTrace Verbose: 0 : 9904, 11, 2024/05/03, 16:52:53.536, 11481436562476, vstest.console.dll, TestRunRequest:TestRunComplete: Starting. IsAborted:False IsCanceled:False.
TpTrace Verbose: 0 : 9904, 11, 2024/05/03, 16:52:53.536, 11481436564035, vstest.console.dll, ParallelOperationManager.DoActionOnAllManagers: Calling an action on all managers.
TpTrace Verbose: 0 : 9904, 11, 2024/05/03, 16:52:53.537, 11481436571133, vstest.console.dll, TestLoggerManager.HandleTestRunComplete: Ignoring as the object is disposed.
TpTrace Verbose: 0 : 9904, 11, 2024/05/03, 16:52:53.537, 11481436572979, vstest.console.dll, MulticastDelegateUtilities.SafeInvoke: TestRun.TestRunComplete: Invoking callback 1/2 for Microsoft.VisualStudio.TestPlatform.CommandLine.TestRunResultAggregator., took 0 ms.
TpTrace Verbose: 0 : 9904, 11, 2024/05/03, 16:52:53.537, 11481436574024, vstest.console.dll, MulticastDelegateUtilities.SafeInvoke: TestRun.TestRunComplete: Invoking callback 2/2 for Microsoft.VisualStudio.TestPlatform.CommandLine.Processors.RunTestsArgumentExecutor+TestRunRequestEventsRegistrar., took 0 ms.
TpTrace Information: 0 : 9904, 11, 2024/05/03, 16:52:53.537, 11481436574852, vstest.console.dll, TestRunRequest:TestRunComplete: Completed.
TpTrace Verbose: 0 : 9904, 11, 2024/05/03, 16:52:53.538, 11481436575225, vstest.console.dll, TestRequestSender.SetOperationComplete: Setting operation complete.
TpTrace Verbose: 0 : 9904, 1, 2024/05/03, 16:52:53.538, 11481436575407, vstest.console.dll, TestRunRequest.Dispose: Starting.
TpTrace Information: 0 : 9904, 11, 2024/05/03, 16:52:53.538, 11481436575510, vstest.console.dll, SocketServer.Stop: Stop server endPoint: 127.0.0.1:51550
TpTrace Information: 0 : 9904, 1, 2024/05/03, 16:52:53.538, 11481436576070, vstest.console.dll, TestRunRequest.Dispose: Completed.
TpTrace Information: 0 : 9904, 11, 2024/05/03, 16:52:53.538, 11481436576339, vstest.console.dll, SocketServer.Stop: Cancellation requested. Stopping message loop.
TpTrace Information: 0 : 9904, 1, 2024/05/03, 16:52:53.538, 11481436576841, vstest.console.dll, TestRequestManager.RunTests: run tests completed.
TpTrace Verbose: 0 : 9904, 11, 2024/05/03, 16:52:53.538, 11481436577263, vstest.console.dll, MulticastDelegateUtilities.SafeInvoke: LengthPrefixCommunicationChannel: MessageReceived: Invoking callback 1/1 for Microsoft.VisualStudio.TestPlatform.CommunicationUtilities.TestRequestSender+<>c__DisplayClass34_0., took 114 ms.
TpTrace Information: 0 : 9904, 1, 2024/05/03, 16:52:53.538, 11481436578019, vstest.console.dll, RunTestsArgumentProcessor:Execute: Test run is completed.
TpTrace Information: 0 : 9904, 11, 2024/05/03, 16:52:53.538, 11481436578101, vstest.console.dll, SocketServer.PrivateStop: Stopping server endPoint: 127.0.0.1:51550 error: 
TpTrace Verbose: 0 : 9904, 1, 2024/05/03, 16:52:53.538, 11481436580118, vstest.console.dll, Executor.Execute: Exiting with exit code of 1
TpTrace Verbose: 0 : 9904, 11, 2024/05/03, 16:52:53.538, 11481436581946, vstest.console.dll, LengthPrefixCommunicationChannel.Dispose: Dispose reader and writer.
TpTrace Information: 0 : 9904, 11, 2024/05/03, 16:52:53.538, 11481436582887, vstest.console.dll, SocketServer.Stop: Raise disconnected event endPoint: 127.0.0.1:51550 error: 
TpTrace Verbose: 0 : 9904, 11, 2024/05/03, 16:52:53.538, 11481436583965, vstest.console.dll, TestRequestSender: OnTestRunAbort: Operation is already complete. Skip error message.
